C51 COMPILER V9.01   MAIN                                                                  03/05/2021 20:17:10 PAGE 1   


C51 COMPILER V9.01, COMPILATION OF MODULE MAIN
OBJECT MODULE PLACED IN main.OBJ
COMPILER INVOKED BY: D:\Software\Keil\32\C51\BIN\C51.EXE main.c OPTIMIZE(8,SPEED) BROWSE DEBUG OBJECTEXTEND TABS(2)

line level    source

   1          #include<reg52.h>
   2          #include "absacc.h"
   3          
   4          typedef unsigned int u16;   //对数据类型进行声明定义
   5          typedef unsigned char u8;
   6          int a=100, i;
   7          
   8          sbit S7  = P3^0;
   9          sbit S6  = P3^1;
  10          sbit S5  = P3^2;
  11          sbit S4  = P3^3;
  12          
  13          sbit c= P3^7;
  14          
  15          void delay(u8 i)
  16          {
  17   1      while(i--);
  18   1      
  19   1      }
  20          
  21          void LED()
  22          {
  23   1            while(a--)
  24   1            {
  25   2              for(i=0;i<7;i++)
  26   2              {
  27   3                P0=(0xfe<<i);
  28   3                delay(50000);
  29   3              }
  30   2                delay(50000);
  31   2              for(i=0;i<7;i++)
  32   2              {
  33   3                P0=(0xfe>>i);
  34   3                delay(50000);
  35   3              }
  36   2            }
  37   1      }
  38          
  39          void main()
  40          {
  41   1          c=0;
  42   1        while(1)
  43   1        {
  44   2            P2=0x80;
  45   2          
  46   2          if(S7==0)     //开灯
  47   2          {
  48   3            delay(5000);
  49   3            if(S7==0)
  50   3            {
  51   4              P0=0x00;
  52   4            }
  53   3            while(!S7);
  54   3          }
  55   2          
C51 COMPILER V9.01   MAIN                                                                  03/05/2021 20:17:10 PAGE 2   

  56   2          if(S6==0)      //熄灯
  57   2          {
  58   3            delay(5000);
  59   3            if(S6==0)  
  60   3            {
  61   4              P0=0xff;
  62   4            }
  63   3            while(!S6);
  64   3          }
  65   2          
  66   2          if(S5==0)
  67   2          {
  68   3            delay(5000);
  69   3            if(S5==0)
  70   3            {
  71   4              LED();
  72   4            }
  73   3            while(!S5);
  74   3          }
  75   2          
  76   2          
  77   2        }
  78   1          
  79   1      }


MODULE INFORMATION:   STATIC OVERLAYABLE
   CODE SIZE        =    176    ----
   CONSTANT SIZE    =   ----    ----
   XDATA SIZE       =   ----    ----
   PDATA SIZE       =   ----    ----
   DATA SIZE        =      4    ----
   IDATA SIZE       =   ----    ----
   BIT SIZE         =   ----    ----
END OF MODULE INFORMATION.


C51 COMPILATION COMPLETE.  0 WARNING(S),  0 ERROR(S)
