C51 COMPILER V9.01   MAIN                                                                  03/25/2021 16:12:51 PAGE 1   


C51 COMPILER V9.01, COMPILATION OF MODULE MAIN
OBJECT MODULE PLACED IN main.OBJ
COMPILER INVOKED BY: D:\Software\Keil\32\C51\BIN\C51.EXE main.c OPTIMIZE(8,SPEED) BROWSE DEBUG OBJECTEXTEND PRINT(.\List
                    -ings\main.lst) TABS(2)

line level    source

   1          #include <reg52.H>
   2          #include<stdlib.h>
   3          
   4          sbit a=P0^6;
   5          
   6          void Delay10ms()    //@11.0592MHz
   7          {
   8   1        unsigned char i, j;
   9   1      
  10   1        i = 18;
  11   1        j = 235;
  12   1        do
  13   1        {
  14   2          while (--j);
  15   2        } while (--i);
  16   1      }
  17          
  18          void delay(unsigned int i)
  19          {
  20   1        while(i--);
  21   1      }
  22          
  23          void main()
  24          {
  25   1        unsigned int i;
  26   1        P2=0xa0;
  27   1        while(1)
  28   1        {
  29   2          i=rand()%100+2000;
  30   2            a=~a;
  31   2          delay(i);  
  32   2        }
  33   1      }


MODULE INFORMATION:   STATIC OVERLAYABLE
   CODE SIZE        =     48    ----
   CONSTANT SIZE    =   ----    ----
   XDATA SIZE       =   ----    ----
   PDATA SIZE       =   ----    ----
   DATA SIZE        =   ----    ----
   IDATA SIZE       =   ----    ----
   BIT SIZE         =   ----    ----
END OF MODULE INFORMATION.


C51 COMPILATION COMPLETE.  0 WARNING(S),  0 ERROR(S)
