C51 COMPILER V9.01   1_0                                                                   10/31/2021 08:34:15 PAGE 1   


C51 COMPILER V9.01, COMPILATION OF MODULE 1_0
OBJECT MODULE PLACED IN 1.0.OBJ
COMPILER INVOKED BY: D:\Software\Keil\32\C51\BIN\C51.EXE 1.0.c OPTIMIZE(8,SPEED) BROWSE DEBUG OBJECTEXTEND TABS(2)

line level    source

   1          #include<reg52.h>
   2          
   3          void led_left_right();
   4          
   5          void delay(int a)
   6          {
   7   1      while(a--);
   8   1      }
   9          
  10          void main()
  11          {
  12   1      while(1)
  13   1        {
  14   2          led_left_right();
  15   2        }
  16   1      }
  17          
  18          void led_left_right()
  19          {
  20   1        int i;
  21   1        for(i=0;i<=7;i++)
  22   1        {
  23   2            P2=(0x01<<i);
  24   2            delay(50000);
  25   2         }
  26   1        for(i=0;i<=7;i++)
  27   1          {
  28   2             P2=(0x80>>i);
  29   2             delay(50000);
  30   2           }
  31   1      }


MODULE INFORMATION:   STATIC OVERLAYABLE
   CODE SIZE        =     83    ----
   CONSTANT SIZE    =   ----    ----
   XDATA SIZE       =   ----    ----
   PDATA SIZE       =   ----    ----
   DATA SIZE        =   ----    ----
   IDATA SIZE       =   ----    ----
   BIT SIZE         =   ----    ----
END OF MODULE INFORMATION.


C51 COMPILATION COMPLETE.  0 WARNING(S),  0 ERROR(S)
