C51 COMPILER V9.01   MAIN                                                                  11/12/2021 21:22:48 PAGE 1   


C51 COMPILER V9.01, COMPILATION OF MODULE MAIN
OBJECT MODULE PLACED IN .\Objects\main.obj
COMPILER INVOKED BY: D:\Software\Keil\32\C51\BIN\C51.EXE main.c OPTIMIZE(8,SPEED) BROWSE DEBUG OBJECTEXTEND PRINT(.\List
                    -ings\main.lst) TABS(2) OBJECT(.\Objects\main.obj)

line level    source

   1          # include<reg52.h>
   2          #include<voice.h>
   3          sbit k1=P1^6;  //语音播放引脚定义 
   4          sbit k2=P1^7;  //语音播放引脚定义 
   5          sbit Led1=P3^3;
   6          sbit Led2=P3^4;
   7          
   8          void key();
   9          void  delay(unsigned int i);
  10          
  11          unsigned int i;
  12          
  13          void main()
  14          {
  15   1        Led1=0; Led2=1;delay(100);  
  16   1        while (1)
  17   1        {
  18   2          key();
  19   2          voice(i);
  20   2          delay(40000);
  21   2      //    k1=1;
  22   2      //    k2=1;
  23   2          Led1=~Led1;   
  24   2          Led2=~Led2;   
  25   2        }
  26   1      }
  27          
  28          void key()
  29          {
  30   1        unsigned int a;
  31   1        P0=0;
  32   1        if(P0!=0x00)
  33   1        {
  34   2          delay(1000);
  35   2          P0=0;
  36   2          if(P0!=0x00)
  37   2          {
  38   3            a=P0;
  39   3            switch(a)
  40   3            {
  41   4              case 0x01:i=2;break;
  42   4              case 0x02:i=3;break;
  43   4              case 0x04:i=4;break;
  44   4              case 0x08:i=5;break;
  45   4              case 0x10:i=6;break;
  46   4              case 0x20:i=7;break;
  47   4              case 0x40:i=8;break;
  48   4              default: 0xff;
*** WARNING C275 IN LINE 48 OF MAIN.C: expression with possibly no effect
  49   4            }
  50   3          }
  51   2        }
  52   1      }
  53           
C51 COMPILER V9.01   MAIN                                                                  11/12/2021 21:22:48 PAGE 2   

  54          
  55          void  delay(unsigned int i)
  56          {
  57   1        while(i--);
  58   1      }


MODULE INFORMATION:   STATIC OVERLAYABLE
   CODE SIZE        =    149    ----
   CONSTANT SIZE    =   ----    ----
   XDATA SIZE       =   ----    ----
   PDATA SIZE       =   ----    ----
   DATA SIZE        =      2    ----
   IDATA SIZE       =   ----    ----
   BIT SIZE         =   ----    ----
END OF MODULE INFORMATION.


C51 COMPILATION COMPLETE.  1 WARNING(S),  0 ERROR(S)
