C51 COMPILER V9.01   MAIN                                                                  03/23/2021 18:31:57 PAGE 1   


C51 COMPILER V9.01, COMPILATION OF MODULE MAIN
OBJECT MODULE PLACED IN main.OBJ
COMPILER INVOKED BY: D:\Software\Keil\32\C51\BIN\C51.EXE main.c OPTIMIZE(8,SPEED) BROWSE DEBUG OBJECTEXTEND PRINT(.\List
                    -ings\main.lst) TABS(2)

line level    source

   1          #include <reg52.H>
   2          #include<stdlib.h>
   3          
   4          void Timer0Init(void)   
   5          {
   6   1        TMOD &= 0xF0;   //设置定时器模式
   7   1        TL0 = 0x18;   //设置定时初值
   8   1        TH0 = 0xFC;   //设置定时初值
   9   1        TF0 = 0;    //清除TF0标志
  10   1        TR0 = 1;    //定时器0开始计时
  11   1        EA=1;
  12   1        ET0=1;
  13   1      }
  14          
  15          void main()
  16          {
  17   1        Timer0Init();
  18   1        P2=0x80;
  19   1        while(1);
  20   1          
  21   1      }
  22          
  23          void Timer0() interrupt 1
  24          {
  25   1        static unsigned int i;
  26   1        unsigned int num;
  27   1        TL0 = 0x18;   //设置定时初值
  28   1        TH0 = 0xFC;   //设置定时初值
  29   1        i++;
  30   1        num=rand()%512;
  31   1        if(i==1000)
  32   1        {
  33   2          i=0;
  34   2          P0=num;
  35   2        }
  36   1      }


MODULE INFORMATION:   STATIC OVERLAYABLE
   CODE SIZE        =    124    ----
   CONSTANT SIZE    =   ----    ----
   XDATA SIZE       =   ----    ----
   PDATA SIZE       =   ----    ----
   DATA SIZE        =      2    ----
   IDATA SIZE       =   ----    ----
   BIT SIZE         =   ----    ----
END OF MODULE INFORMATION.


C51 COMPILATION COMPLETE.  0 WARNING(S),  0 ERROR(S)
