C51 COMPILER V9.01   MAIN                                                                  10/11/2020 23:15:53 PAGE 1   


C51 COMPILER V9.01, COMPILATION OF MODULE MAIN
OBJECT MODULE PLACED IN main.OBJ
COMPILER INVOKED BY: C:\Èí¼þ\1. KEILC51Èí¼þ\C51\BIN\C51.EXE main.c BROWSE DEBUG OBJECTEXTEND

line level    source

   1          #include<reg52.h>
   2          
   3          
   4          void main()
   5          {
   6   1               {"version":2,"type":"brd_soft_cfg","cfg":{"get_cfg":0,"out_fea":0,"auto
*** ERROR C141 IN LINE 6 OF MAIN.C: syntax error near ':'
*** ERROR C141 IN LINE 6 OF MAIN.C: syntax error near ':'
*** ERROR C141 IN LINE 6 OF MAIN.C: syntax error near ':'
*** ERROR C141 IN LINE 6 OF MAIN.C: syntax error near ':'
*** ERROR C141 IN LINE 6 OF MAIN.C: syntax error near ':'
*** ERROR C103 IN LINE 6 OF MAIN.C: '<string>': unclosed string
*** ERROR C305 IN LINE 6 OF main.c: unterminated string/char const
   7   3      _out_fea":0,"out_interval_ms":100,"out_threshold":88.0,"pkt_fix":0,"rel
*** ERROR C141 IN LINE 7 OF MAIN.C: syntax error near '_out_fea'
*** ERROR C202 IN LINE 7 OF MAIN.C: '_out_fea': undefined identifier
*** ERROR C141 IN LINE 7 OF MAIN.C: syntax error near 'out_interval_ms'
*** ERROR C141 IN LINE 7 OF MAIN.C: syntax error near 'out_threshold'
*** ERROR C141 IN LINE 7 OF MAIN.C: syntax error near 'pkt_fix'
*** ERROR C141 IN LINE 7 OF MAIN.C: syntax error near 'rel'
   8   3      ay_open_s":2,"port_baud":115200}}
*** ERROR C141 IN LINE 8 OF MAIN.C: syntax error near 'port_baud'
*** ERROR C103 IN LINE 8 OF MAIN.C: '<string>': unclosed string
*** ERROR C305 IN LINE 8 OF main.c: unterminated string/char const
   9   3      }
*** ERROR C141 IN LINE 9 OF MAIN.C: syntax error near '}'
*** ERROR C141 IN LINE 9 OF MAIN.C: syntax error near ''

C51 COMPILATION COMPLETE.  0 WARNING(S),  18 ERROR(S)
