C51 COMPILER V9.01   MAIN                                                                  03/21/2021 17:27:44 PAGE 1   


C51 COMPILER V9.01, COMPILATION OF MODULE MAIN
OBJECT MODULE PLACED IN main.OBJ
COMPILER INVOKED BY: D:\Software\Keil\32\C51\BIN\C51.EXE main.c OPTIMIZE(8,SPEED) BROWSE DEBUG OBJECTEXTEND PRINT(.\List
                    -ings\main.lst) TABS(2)

line level    source

   1          #include <reg52.H>
   2          #include<stdlib.h>
   3          
   4          unsigned char led1[]={0x01,0x02,0x04,0x08,0x10,0x20,0x40,0x80};//灭某个
   5          unsigned char led2[]={0xfe,0xfd,0xfb,0xf7,0xef,0xdf,0xbf,0x7f};//亮某个
   6          
   7          void delay(unsigned int i);
   8          void LED();
   9          
  10          void main()
  11          {
  12   1        P2=0x80;
  13   1        while(1)
  14   1        {
  15   2          delay(50000);
  16   2          delay(50000);
  17   2          LED();
  18   2          delay(50000);
  19   2          delay(50000);
  20   2        }
  21   1      }
  22          
  23          void delay(unsigned int i)
  24          {
  25   1        while(i--);
  26   1      }
  27          
  28          void LED()
  29          {
  30   1      //  unsigned int num=rand()%8;
  31   1      //  P0=led2[num];
  32   1                                      unsigned int num=rand()%512;
  33   1                                    P0=num;
  34   1                              /*第二种方法：
  35   1                                    unsigned int num=rand()%(n-m+1)+m;
  36   1                                    P0=num;
  37   1                              */
  38   1        
  39   1      }


MODULE INFORMATION:   STATIC OVERLAYABLE
   CODE SIZE        =     48    ----
   CONSTANT SIZE    =   ----    ----
   XDATA SIZE       =   ----    ----
   PDATA SIZE       =   ----    ----
   DATA SIZE        =     16    ----
   IDATA SIZE       =   ----    ----
   BIT SIZE         =   ----    ----
END OF MODULE INFORMATION.


C51 COMPILATION COMPLETE.  0 WARNING(S),  0 ERROR(S)
