C51 COMPILER V9.01   MAIN                                                                  03/24/2021 20:04:56 PAGE 1   


C51 COMPILER V9.01, COMPILATION OF MODULE MAIN
OBJECT MODULE PLACED IN main.OBJ
COMPILER INVOKED BY: D:\Software\Keil\32\C51\BIN\C51.EXE main.c OPTIMIZE(8,SPEED) BROWSE DEBUG OBJECTEXTEND PRINT(.\List
                    -ings\main.lst) TABS(2)

line level    source

   1          #include <reg52.H>
   2          #include<i2c.h>
   3          
   4          sbit S7  = P3^0;
   5          sbit S6  = P3^1;
   6          sbit S5  = P3^2;
   7          sbit S4  = P3^3;
   8          
   9          unsigned int num;
  10          
  11          void delay(unsigned int i )
  12          {
  13   1        while(i--);
  14   1      }
  15          
  16          void main()
  17          {
  18   1        P2=0x80;
  19   1        while(1)
  20   1        {
  21   2          if(S7==0)
  22   2          {
  23   3              delay(5000);
  24   3              if(S7==0)
  25   3              {
  26   4                num=0;
  27   4                At24c02Write(1, num);     //写入
  28   4              }
  29   3              while(!S7);
  30   3          }
  31   2          
  32   2              if(S6==0)
  33   2          {
  34   3              delay(5000);
  35   3              if(S6==0)
  36   3              {
  37   4                At24c02Read(1);         //读出
  38   4                P0=num;
  39   4              }
  40   3              while(!S6);
  41   3          }
  42   2          
  43   2                  if(S5==0)
  44   2          {
  45   3              delay(5000);
  46   3              if(S5==0)
  47   3              {
  48   4                num++;                  //累加
  49   4              }
  50   3              while(!S5);
  51   3          }
  52   2          
  53   2                  if(S4==0)
  54   2          {
C51 COMPILER V9.01   MAIN                                                                  03/24/2021 20:04:56 PAGE 2   

  55   3              delay(5000);
  56   3              if(S4==0)
  57   3              {
  58   4                  num=0;                    //清零
  59   4              }
  60   3              while(!S4);
  61   3          }
  62   2          
  63   2          
  64   2        }
  65   1        
  66   1      }


MODULE INFORMATION:   STATIC OVERLAYABLE
   CODE SIZE        =    101    ----
   CONSTANT SIZE    =   ----    ----
   XDATA SIZE       =   ----    ----
   PDATA SIZE       =   ----    ----
   DATA SIZE        =      2    ----
   IDATA SIZE       =   ----    ----
   BIT SIZE         =   ----    ----
END OF MODULE INFORMATION.


C51 COMPILATION COMPLETE.  0 WARNING(S),  0 ERROR(S)
