C51 COMPILER V9.01   KEY                                                                   04/11/2020 15:54:10 PAGE 1   


C51 COMPILER V9.01, COMPILATION OF MODULE KEY
OBJECT MODULE PLACED IN key.OBJ
COMPILER INVOKED BY: C:\»Ìº˛\C51\BIN\C51.EXE key.c BROWSE DEBUG OBJECTEXTEND

line level    source

   1          #include "key.h"
   2          
   3          uchar KeyValue;
   4          
   5          void delay(uint i)
   6          {
   7   1              while(i--);     
   8   1      }
   9          
  10          uchar KeyDown(void)
  11          {
  12   1              char a=0;
  13   1              GPIO_KEY=0x0f;
  14   1              if(GPIO_KEY!=0x0f)//ËØªÂèñÊåâÈîÆÊòØÂê¶Êåâ‰∏ã
  15   1              {
  16   2                      delay(1000);//Âª∂Êó∂10msËøõË°åÊ∂àÊäñ
  17   2                      if(GPIO_KEY!=0x0f)//ÂÜçÊ¨°Ê£ÄÊµãÈîÆÁõòÊòØÂê¶Êåâ‰∏ã
  18   2                      {       
  19   3                              //ÊµãËØïÂàó
  20   3                              GPIO_KEY=0X0F;
  21   3                              switch(GPIO_KEY)
  22   3                              {
  23   4                                      case(0X07):     KeyValue=0;break;
  24   4                                      case(0X0b):     KeyValue=1;break;
  25   4                                      case(0X0d): KeyValue=2;break;
  26   4                                      case(0X0e):     KeyValue=3;break;
  27   4                              }
  28   3                              //ÊµãËØïË°å
  29   3                              GPIO_KEY=0XF0;
  30   3                              switch(GPIO_KEY)
  31   3                              {
  32   4                                      case(0X70):     KeyValue=KeyValue;break;
  33   4                                      case(0Xb0):     KeyValue=KeyValue+4;break;
  34   4                                      case(0Xd0): KeyValue=KeyValue+8;break;
  35   4                                      case(0Xe0):     KeyValue=KeyValue+12;break;
  36   4                              }
  37   3                              while((a<50)&&(GPIO_KEY!=0xf0))  //Ê£ÄÊµãÊåâÈîÆÊùæÊâãÊ£ÄÊµã
  38   3                              {
  39   4                                      delay(1000);
  40   4                                      a++;
  41   4                              }
  42   3                      }
  43   2              }
  44   1              return KeyValue;
  45   1      }
  46          
  47          


MODULE INFORMATION:   STATIC OVERLAYABLE
   CODE SIZE        =    145    ----
   CONSTANT SIZE    =   ----    ----
   XDATA SIZE       =   ----    ----
   PDATA SIZE       =   ----    ----
   DATA SIZE        =      1       1
C51 COMPILER V9.01   KEY                                                                   04/11/2020 15:54:10 PAGE 2   

   IDATA SIZE       =   ----    ----
   BIT SIZE         =   ----    ----
END OF MODULE INFORMATION.


C51 COMPILATION COMPLETE.  0 WARNING(S),  0 ERROR(S)
