C51 COMPILER V9.01   MAIN                                                                  04/11/2020 15:54:24 PAGE 1   


C51 COMPILER V9.01, COMPILATION OF MODULE MAIN
OBJECT MODULE PLACED IN main.OBJ
COMPILER INVOKED BY: C:\软件\C51\BIN\C51.EXE main.c BROWSE DEBUG OBJECTEXTEND

line level    source

   1          #include <reg52.h>
   2          #include "key.h"                         //此文件中定义了单片机的一些特殊功能寄存器
   3          #include"ds1302.h"
   4          
   5          typedef unsigned int u16;         //对数据类型进行声明定义
   6          typedef unsigned char u8;
   7          
   8          #define GPIO_DIG P0
   9          
  10          sbit LSA=P2^2;
  11          sbit LSB=P2^3;
  12          sbit LSC=P2^4;
  13          
  14          char num=0;
  15          u8 DisplayData[8];
  16          u8 code smgduan[17]={0x3f,0x06,0x5b,0x4f,0x66,0x6d,0x7d,0x07,
  17                                                  0x7f,0x6f,0x77,0x7c,0x39,0x5e,0x79,0x71};//显示0~F的值
  18          
  19          
  20          /*******************************************************************************
  21          * 函 数 名         : datapros()
  22          * 函数功能                 : 时间读取处理转换函数
  23          * 输    入         : 无
  24          * 输    出         : 无
  25          *******************************************************************************/
  26          
  27          void datapros()          
  28          {
  29   1              Ds1302ReadTime();
  30   1              DisplayData[0] = smgduan[TIME[2]/16];                           //时
  31   1              DisplayData[1] = smgduan[TIME[2]&0x0f];                          
  32   1              DisplayData[2] = 0x40;
  33   1              DisplayData[3] = smgduan[TIME[1]/16];                           //分
  34   1              DisplayData[4] = smgduan[TIME[1]&0x0f]; 
  35   1              DisplayData[5] = 0x40;
  36   1              DisplayData[6] = smgduan[TIME[0]/16];                           //秒
  37   1              DisplayData[7] = smgduan[TIME[0]&0x0f];
  38   1      }
  39          
  40          
  41          /*******************************************************************************
  42          * 函数名         :DigDisplay()
  43          * 函数功能               :数码管显示函数
  44          * 输入           : 无
  45          * 输出           : 无
  46          *******************************************************************************/
  47          void DigDisplay()
  48          {
  49   1              u8 i;
  50   1              for(i=0;i<7;i++)
  51   1              {
  52   2                      switch(i)        //位选，选择点亮的数码管，
  53   2                      {
  54   3                              case(0):
  55   3                                      LSA=1;LSB=1;LSC=1; break;//显示第0位
C51 COMPILER V9.01   MAIN                                                                  04/11/2020 15:54:24 PAGE 2   

  56   3                              case(1):
  57   3                                      LSA=0;LSB=1;LSC=1; break;//显示第1位
  58   3                              case(2):
  59   3                                      LSA=1;LSB=0;LSC=1; break;//显示第2位
  60   3                              case(3):
  61   3                                      LSA=0;LSB=0;LSC=1; break;//显示第3位
  62   3                              case(4):
  63   3                                      LSA=1;LSB=1;LSC=0; break;//显示第4位
  64   3                              case(5):
  65   3                                      LSA=0;LSB=1;LSC=0; break;//显示第5位
  66   3                              case(6):
  67   3                                      LSA=1;LSB=0;LSC=0; break;//显示第6位
  68   3                      }
  69   2                      P0=DisplayData[i];//发送数据
  70   2                      delay(100); //间隔一段时间扫描  
  71   2                      P0=0x00;//消隐
  72   2              }               
  73   1      }
  74          
  75          
  76          
  77          
  78          void main()
  79          {       
  80   1              LSA=1; //给一个数码管提供位选
  81   1              LSB=1;
  82   1              LSC=1;
  83   1      
  84   1              while(1)
  85   1              {
  86   2                      u8 k;
  87   2                      k=KeyDown();                       
  88   2                      GPIO_DIG=smgduan[k];      
  89   2              }               
  90   1      }
  91          


MODULE INFORMATION:   STATIC OVERLAYABLE
   CODE SIZE        =    186    ----
   CONSTANT SIZE    =     17    ----
   XDATA SIZE       =   ----    ----
   PDATA SIZE       =   ----    ----
   DATA SIZE        =      9       2
   IDATA SIZE       =   ----    ----
   BIT SIZE         =   ----    ----
END OF MODULE INFORMATION.


C51 COMPILATION COMPLETE.  0 WARNING(S),  0 ERROR(S)
