*** Using Compiler 'V5.06 update 1 (build 61)', folder: 'D:\Software\Keil\32\ARM\ARMCC\Bin'
Rebuild target 'Target 1'
assembling startup_stm32f10x_hd.s...
compiling stm32f10x_exti.c...
compiling main.c...
compiling stm32f10x_gpio.c...
compiling stm32f10x_it.c...
compiling stm32f10x_rcc.c...
compiling misc.c...
compiling stm32f10x_tim.c...
compiling system_stm32f10x.c...
compiling core_cm3.c...
compiling led.c...
compiling time.c...
compiling system.c...
compiling SysTick.c...
linking...
Program Size: Code=1668 RO-data=336 RW-data=4 ZI-data=1028  
FromELF: creating hex file...
".\Obj\Template.axf" - 0 Error(s), 0 Warning(s).
Build Time Elapsed:  00:00:03
