C51 COMPILER V9.01   1                                                                     11/21/2019 22:37:10 PAGE 1   


C51 COMPILER V9.01, COMPILATION OF MODULE 1
OBJECT MODULE PLACED IN 1.OBJ
COMPILER INVOKED BY: C:\Èí¼þ\C51\BIN\C51.EXE 1.c BROWSE DEBUG OBJECTEXTEND

line level    source

   1          #include "reg52.h"                      
   2          typedef unsigned int u16;        
   3          typedef unsigned char u8;
   4          sbit a1=P0^1; 
   5          sbit a2=P0^2;
   6          sbit a3=P0^3;
   7          sbit a4=P0^4;
   8          sbit a5=P0^5;
   9          sbit a6=P0^6;
  10          sbit a7=P0^7;
  11          sbit a0=P0^0;
  12          
  13          sbit b1=P1^1; 
  14          sbit b2=P1^2;
  15          sbit b3=P1^3;
  16          sbit b4=P1^4;
  17          sbit b5=P1^5;
  18          sbit b6=P1^6;
  19          sbit b7=P1^7;
  20          sbit b0=P1^0;
  21          
  22          sbit led=P2^0;          
  23          
  24          void delay(u16 i)
  25          {
  26   1              while(i--);     
  27   1      }
  28          
  29          void main()
  30          {
  31   1              while(1)
  32   1              { 
  33   2              delay(50000);//0
  34   2              b0=1;
  35   2      a1=1 ;
  36   2      a2=0 ;
  37   2      a3=0 ;
  38   2      a4=0 ;
  39   2      a5=0 ;
  40   2      a6=0 ;
  41   2      a7=0 ;
  42   2      
  43   2      delay(50000);//1
  44   2      a1=1 ;
  45   2      a2=1 ;
  46   2      a3=1 ;
  47   2      a4=0 ;
  48   2      a5=0 ;
  49   2      a6=1 ;
  50   2      a7=1 ;
  51   2      
  52   2      delay(50000);//2
  53   2      a1=0 ;
  54   2      a2=2 ;
  55   2      a3=0 ;
C51 COMPILER V9.01   1                                                                     11/21/2019 22:37:10 PAGE 2   

  56   2      a4=0 ;
  57   2      a5=1 ;
  58   2      a6=0 ;
  59   2      a7=0 ;
  60   2      
  61   2      delay(50000);//3
  62   2      a1=0 ;
  63   2      a2=1 ;
  64   2      a3=0 ;
  65   2      a4=0 ;
  66   2      a5=0 ;
  67   2      a6=0 ;
  68   2      a7=1 ;
  69   2      
  70   2      delay(50000);//4
  71   2      a1=0 ;
  72   2      a2=0 ;
  73   2      a3=1 ;
  74   2      a4=0 ;
  75   2      a5=0 ;
  76   2      a6=1 ;
  77   2      a7=1 ;
  78   2      
  79   2      delay(50000);//5
  80   2      a1=0 ;
  81   2      a2=0 ;
  82   2      a3=0 ;
  83   2      a4=1 ;
  84   2      a5=0 ;
  85   2      a6=0 ;
  86   2      a7=1 ;
  87   2      
  88   2      delay(50000);//6
  89   2      a1=0 ;
  90   2      a2=0 ;
  91   2      a3=0 ;
  92   2      a4=1 ;
  93   2      a5=0 ;
  94   2      a6=0 ;
  95   2      a7=0 ;
  96   2      
  97   2      delay(50000);//7
  98   2      a1=1 ;
  99   2      a2=1 ;
 100   2      a3=0 ;
 101   2      a4=0 ;
 102   2      a5=0 ;
 103   2      a6=1 ;
 104   2      a7=1 ;
 105   2      
 106   2      delay(50000);//8
 107   2      a1=0 ;
 108   2      a2=0 ;
 109   2      a3=0 ;
 110   2      a4=0 ;
 111   2      a5=0 ;
 112   2      a6=0 ;
 113   2      a7=0 ;
 114   2      
 115   2      delay(50000);//9
 116   2      a1=0 ;
 117   2      a2=0 ;
C51 COMPILER V9.01   1                                                                     11/21/2019 22:37:10 PAGE 3   

 118   2      a3=0 ;
 119   2      a4=0 ;
 120   2      a5=0 ;
 121   2      a6=1 ;
 122   2      a7=1 ;
 123   2                                   //       10
 124   2      delay(50000);
 125   2      b1=0;
 126   2      delay(50000);//0
 127   2      a1=1 ;
 128   2      a2=0 ;
 129   2      a3=0 ;
 130   2      a4=0 ;
 131   2      a5=0 ;
 132   2      a6=0 ;
 133   2      a7=0 ;
 134   2      
 135   2      delay(50000);//1
 136   2      a1=1 ;
 137   2      a2=1 ;
 138   2      a3=1 ;
 139   2      a4=0 ;
 140   2      a5=0 ;
 141   2      a6=1 ;
 142   2      a7=1 ;
 143   2      
 144   2      delay(50000);//2
 145   2      a1=0 ;
 146   2      a2=2 ;
 147   2      a3=0 ;
 148   2      a4=0 ;
 149   2      a5=1 ;
 150   2      a6=0 ;
 151   2      a7=0 ;
 152   2      
 153   2      delay(50000);//3
 154   2      a1=0 ;
 155   2      a2=1 ;
 156   2      a3=0 ;
 157   2      a4=0 ;
 158   2      a5=0 ;
 159   2      a6=0 ;
 160   2      a7=1 ;
 161   2      
 162   2      delay(50000);//4
 163   2      a1=0 ;
 164   2      a2=0 ;
 165   2      a3=1 ;
 166   2      a4=0 ;
 167   2      a5=0 ;
 168   2      a6=1 ;
 169   2      a7=1 ;
 170   2      
 171   2      delay(50000);//5
 172   2      a1=0 ;
 173   2      a2=0 ;
 174   2      a3=0 ;
 175   2      a4=1 ;
 176   2      a5=0 ;
 177   2      a6=0 ;
 178   2      a7=1 ;
 179   2      
C51 COMPILER V9.01   1                                                                     11/21/2019 22:37:10 PAGE 4   

 180   2      delay(50000);//6
 181   2      a1=0 ;
 182   2      a2=0 ;
 183   2      a3=0 ;
 184   2      a4=1 ;
 185   2      a5=0 ;
 186   2      a6=0 ;
 187   2      a7=0 ;
 188   2      
 189   2      delay(50000);//7
 190   2      a1=1 ;
 191   2      a2=1 ;
 192   2      a3=0 ;
 193   2      a4=0 ;
 194   2      a5=0 ;
 195   2      a6=1 ;
 196   2      a7=1 ;
 197   2      
 198   2      delay(50000);//8
 199   2      a1=0 ;
 200   2      a2=0 ;
 201   2      a3=0 ;
 202   2      a4=0 ;
 203   2      a5=0 ;
 204   2      a6=0 ;
 205   2      a7=0 ;
 206   2      
 207   2      delay(50000);//9
 208   2      a1=0 ;
 209   2      a2=0 ;
 210   2      a3=0 ;
 211   2      a4=0 ;
 212   2      a5=0 ;
 213   2      a6=1 ;
 214   2      a7=1 ;
 215   2                                         //20
 216   2      delay(50000);
 217   2      b1=1;
 218   2      b2=0;
 219   2      delay(50000);//0
 220   2      a1=1 ;
 221   2      a2=0 ;
 222   2      a3=0 ;
 223   2      a4=0 ;
 224   2      a5=0 ;
 225   2      a6=0 ;
 226   2      a7=0 ;
 227   2      
 228   2      delay(50000);//1
 229   2      a1=1 ;
 230   2      a2=1 ;
 231   2      a3=1 ;
 232   2      a4=0 ;
 233   2      a5=0 ;
 234   2      a6=1 ;
 235   2      a7=1 ;
 236   2      
 237   2      delay(50000);//2
 238   2      a1=0 ;
 239   2      a2=2 ;
 240   2      a3=0 ;
 241   2      a4=0 ;
C51 COMPILER V9.01   1                                                                     11/21/2019 22:37:10 PAGE 5   

 242   2      a5=1 ;
 243   2      a6=0 ;
 244   2      a7=0 ;
 245   2      
 246   2      delay(50000);//3
 247   2      a1=0 ;
 248   2      a2=1 ;
 249   2      a3=0 ;
 250   2      a4=0 ;
 251   2      a5=0 ;
 252   2      a6=0 ;
 253   2      a7=1 ;
 254   2      
 255   2      delay(50000);//4
 256   2      a1=0 ;
 257   2      a2=0 ;
 258   2      a3=1 ;
 259   2      a4=0 ;
 260   2      a5=0 ;
 261   2      a6=1 ;
 262   2      a7=1 ;
 263   2      
 264   2      delay(50000);//5
 265   2      a1=0 ;
 266   2      a2=0 ;
 267   2      a3=0 ;
 268   2      a4=1 ;
 269   2      a5=0 ;
 270   2      a6=0 ;
 271   2      a7=1 ;
 272   2      
 273   2      delay(50000);//6
 274   2      a1=0 ;
 275   2      a2=0 ;
 276   2      a3=0 ;
 277   2      a4=1 ;
 278   2      a5=0 ;
 279   2      a6=0 ;
 280   2      a7=0 ;
 281   2      
 282   2      delay(50000);//7
 283   2      a1=1 ;
 284   2      a2=1 ;
 285   2      a3=0 ;
 286   2      a4=0 ;
 287   2      a5=0 ;
 288   2      a6=1 ;
 289   2      a7=1 ;
 290   2      
 291   2      delay(50000);//8
 292   2      a1=0 ;
 293   2      a2=0 ;
 294   2      a3=0 ;
 295   2      a4=0 ;
 296   2      a5=0 ;
 297   2      a6=0 ;
 298   2      a7=0 ;
 299   2      
 300   2      delay(50000);//9
 301   2      a1=0 ;
 302   2      a2=0 ;
 303   2      a3=0 ;
C51 COMPILER V9.01   1                                                                     11/21/2019 22:37:10 PAGE 6   

 304   2      a4=0 ;
 305   2      a5=0 ;
 306   2      a6=1 ;
 307   2      a7=1 ;
 308   2                                 //30
 309   2                delay(50000);
 310   2      b2=1;
 311   2      b3=0;
 312   2      delay(50000);//0
 313   2      a1=1 ;
 314   2      a2=0 ;
 315   2      a3=0 ;
 316   2      a4=0 ;
 317   2      a5=0 ;
 318   2      a6=0 ;
 319   2      a7=0 ;
 320   2      
 321   2      delay(50000);//1
 322   2      a1=1 ;
 323   2      a2=1 ;
 324   2      a3=1 ;
 325   2      a4=0 ;
 326   2      a5=0 ;
 327   2      a6=1 ;
 328   2      a7=1 ;
 329   2      
 330   2      delay(50000);//2
 331   2      a1=0 ;
 332   2      a2=2 ;
 333   2      a3=0 ;
 334   2      a4=0 ;
 335   2      a5=1 ;
 336   2      a6=0 ;
 337   2      a7=0 ;
 338   2      
 339   2      delay(50000);//3
 340   2      a1=0 ;
 341   2      a2=1 ;
 342   2      a3=0 ;
 343   2      a4=0 ;
 344   2      a5=0 ;
 345   2      a6=0 ;
 346   2      a7=1 ;
 347   2      
 348   2      delay(50000);//4
 349   2      a1=0 ;
 350   2      a2=0 ;
 351   2      a3=1 ;
 352   2      a4=0 ;
 353   2      a5=0 ;
 354   2      a6=1 ;
 355   2      a7=1 ;
 356   2      
 357   2      delay(50000);//5
 358   2      a1=0 ;
 359   2      a2=0 ;
 360   2      a3=0 ;
 361   2      a4=1 ;
 362   2      a5=0 ;
 363   2      a6=0 ;
 364   2      a7=1 ;
 365   2      
C51 COMPILER V9.01   1                                                                     11/21/2019 22:37:10 PAGE 7   

 366   2      delay(50000);//6
 367   2      a1=0 ;
 368   2      a2=0 ;
 369   2      a3=0 ;
 370   2      a4=1 ;
 371   2      a5=0 ;
 372   2      a6=0 ;
 373   2      a7=0 ;
 374   2      
 375   2      delay(50000);//7
 376   2      a1=1 ;
 377   2      a2=1 ;
 378   2      a3=0 ;
 379   2      a4=0 ;
 380   2      a5=0 ;
 381   2      a6=1 ;
 382   2      a7=1 ;
 383   2      
 384   2      delay(50000);//8
 385   2      a1=0 ;
 386   2      a2=0 ;
 387   2      a3=0 ;
 388   2      a4=0 ;
 389   2      a5=0 ;
 390   2      a6=0 ;
 391   2      a7=0 ;
 392   2      
 393   2      delay(50000);//9
 394   2      a1=0 ;
 395   2      a2=0 ;
 396   2      a3=0 ;
 397   2      a4=0 ;
 398   2      a5=0 ;
 399   2      a6=1 ;
 400   2      a7=1 ;
 401   2                          //40
 402   2      delay(50000);
 403   2      b3=1;
 404   2      b4=0;
 405   2      delay(50000);//0
 406   2      a1=1 ;
 407   2      a2=0 ;
 408   2      a3=0 ;
 409   2      a4=0 ;
 410   2      a5=0 ;
 411   2      a6=0 ;
 412   2      a7=0 ;
 413   2      
 414   2      delay(50000);//1
 415   2      a1=1 ;
 416   2      a2=1 ;
 417   2      a3=1 ;
 418   2      a4=0 ;
 419   2      a5=0 ;
 420   2      a6=1 ;
 421   2      a7=1 ;
 422   2      
 423   2      delay(50000);//2
 424   2      a1=0 ;
 425   2      a2=2 ;
 426   2      a3=0 ;
 427   2      a4=0 ;
C51 COMPILER V9.01   1                                                                     11/21/2019 22:37:10 PAGE 8   

 428   2      a5=1 ;
 429   2      a6=0 ;
 430   2      a7=0 ;
 431   2      
 432   2      delay(50000);//3
 433   2      a1=0 ;
 434   2      a2=1 ;
 435   2      a3=0 ;
 436   2      a4=0 ;
 437   2      a5=0 ;
 438   2      a6=0 ;
 439   2      a7=1 ;
 440   2                                //50
 441   2      delay(50000);
 442   2      b4=1;
 443   2      b5=0;
 444   2      delay(50000);//0
 445   2      a1=1 ;
 446   2      a2=0 ;
 447   2      a3=0 ;
 448   2      a4=0 ;
 449   2      a5=0 ;
 450   2      a6=0 ;
 451   2      a7=0 ;
 452   2      
 453   2      delay(50000);//1
 454   2      a1=1 ;
 455   2      a2=1 ;
 456   2      a3=1 ;
 457   2      a4=0 ;
 458   2      a5=0 ;
 459   2      a6=1 ;
 460   2      a7=1 ;
 461   2      
 462   2      delay(50000);//2
 463   2      a1=0 ;
 464   2      a2=2 ;
 465   2      a3=0 ;
 466   2      a4=0 ;
 467   2      a5=1 ;
 468   2      a6=0 ;
 469   2      a7=0 ;
 470   2      
 471   2      delay(50000);//3
 472   2      a1=0 ;
 473   2      a2=1 ;
 474   2      a3=0 ;
 475   2      a4=0 ;
 476   2      a5=0 ;
 477   2      a6=0 ;
 478   2      a7=1 ;
 479   2      
 480   2      delay(50000);//4
 481   2      a1=0 ;
 482   2      a2=0 ;
 483   2      a3=1 ;
 484   2      a4=0 ;
 485   2      a5=0 ;
 486   2      a6=1 ;
 487   2      a7=1 ;
 488   2      
 489   2      delay(50000);//5
C51 COMPILER V9.01   1                                                                     11/21/2019 22:37:10 PAGE 9   

 490   2      a1=0 ;
 491   2      a2=0 ;
 492   2      a3=0 ;
 493   2      a4=1 ;
 494   2      a5=0 ;
 495   2      a6=0 ;
 496   2      a7=1 ;
 497   2      
 498   2      delay(50000);//6
 499   2      a1=0 ;
 500   2      a2=0 ;
 501   2      a3=0 ;
 502   2      a4=1 ;
 503   2      a5=0 ;
 504   2      a6=0 ;
 505   2      a7=0 ;
 506   2      
 507   2      delay(50000);//7
 508   2      a1=1 ;
 509   2      a2=1 ;
 510   2      a3=0 ;
 511   2      a4=0 ;
 512   2      a5=0 ;
 513   2      a6=1 ;
 514   2      a7=1 ;
 515   2      
 516   2      delay(50000);//8
 517   2      a1=0 ;
 518   2      a2=0 ;
 519   2      a3=0 ;
 520   2      a4=0 ;
 521   2      a5=0 ;
 522   2      a6=0 ;
 523   2      a7=0 ;
 524   2      
 525   2      delay(50000);//9
 526   2      a1=0 ;
 527   2      a2=0 ;
 528   2      a3=0 ;
 529   2      a4=0 ;
 530   2      a5=0 ;
 531   2      a6=1 ;
 532   2      a7=1 ;
 533   2      
 534   2      
 535   2                                 //60
 536   2                                                         delay(50000);
 537   2      b5=1;
 538   2      b6=0;
 539   2      delay(50000);//0
 540   2      a1=1 ;
 541   2      a2=0 ;
 542   2      a3=0 ;
 543   2      a4=0 ;
 544   2      a5=0 ;
 545   2      a6=0 ;
 546   2      a7=0 ;
 547   2      
 548   2      delay(50000);//1
 549   2      a1=1 ;
 550   2      a2=1 ;
 551   2      a3=1 ;
C51 COMPILER V9.01   1                                                                     11/21/2019 22:37:10 PAGE 10  

 552   2      a4=0 ;
 553   2      a5=0 ;
 554   2      a6=1 ;
 555   2      a7=1 ;
 556   2      
 557   2      delay(50000);//2
 558   2      a1=0 ;
 559   2      a2=2 ;
 560   2      a3=0 ;
 561   2      a4=0 ;
 562   2      a5=1 ;
 563   2      a6=0 ;
 564   2      a7=0 ;
 565   2      
 566   2      delay(50000);//3
 567   2      a1=0 ;
 568   2      a2=1 ;
 569   2      a3=0 ;
 570   2      a4=0 ;
 571   2      a5=0 ;
 572   2      a6=0 ;
 573   2      a7=1 ;
 574   2      
 575   2      delay(50000);//4
 576   2      a1=0 ;
 577   2      a2=0 ;
 578   2      a3=1 ;
 579   2      a4=0 ;
 580   2      a5=0 ;
 581   2      a6=1 ;
 582   2      a7=1 ;
 583   2      
 584   2      delay(50000);//5
 585   2      a1=0 ;
 586   2      a2=0 ;
 587   2      a3=0 ;
 588   2      a4=1 ;
 589   2      a5=0 ;
 590   2      a6=0 ;
 591   2      a7=1 ;
 592   2      
 593   2      delay(50000);//6
 594   2      a1=0 ;
 595   2      a2=0 ;
 596   2      a3=0 ;
 597   2      a4=1 ;
 598   2      a5=0 ;
 599   2      a6=0 ;
 600   2      a7=0 ;
 601   2      
 602   2      delay(50000);//7
 603   2      a1=1 ;
 604   2      a2=1 ;
 605   2      a3=0 ;
 606   2      a4=0 ;
 607   2      a5=0 ;
 608   2      a6=1 ;
 609   2      a7=1 ;
 610   2      
 611   2      delay(50000);//8
 612   2      a1=0 ;
 613   2      a2=0 ;
C51 COMPILER V9.01   1                                                                     11/21/2019 22:37:10 PAGE 11  

 614   2      a3=0 ;
 615   2      a4=0 ;
 616   2      a5=0 ;
 617   2      a6=0 ;
 618   2      a7=0 ;
 619   2      
 620   2      delay(50000);//9
 621   2      a1=0 ;
 622   2      a2=0 ;
 623   2      a3=0 ;
 624   2      a4=0 ;
 625   2      a5=0 ;
 626   2      a6=1 ;
 627   2      a7=1 ;
 628   2                                 //70
 629   2                                                         delay(50000);
 630   2      b6=1;
 631   2      b7=0;
 632   2      delay(50000);//0
 633   2      a1=1 ;
 634   2      a2=0 ;
 635   2      a3=0 ;
 636   2      a4=0 ;
 637   2      a5=0 ;
 638   2      a6=0 ;
 639   2      a7=0 ;
 640   2      
 641   2      delay(50000);//1
 642   2      a1=1 ;
 643   2      a2=1 ;
 644   2      a3=1 ;
 645   2      a4=0 ;
 646   2      a5=0 ;
 647   2      a6=1 ;
 648   2      a7=1 ;
 649   2      
 650   2      delay(50000);//2
 651   2      a1=0 ;
 652   2      a2=2 ;
 653   2      a3=0 ;
 654   2      a4=0 ;
 655   2      a5=1 ;
 656   2      a6=0 ;
 657   2      a7=0 ;
 658   2      
 659   2      delay(50000);//3
 660   2      a1=0 ;
 661   2      a2=1 ;
 662   2      a3=0 ;
 663   2      a4=0 ;
 664   2      a5=0 ;
 665   2      a6=0 ;
 666   2      a7=1 ;
 667   2      
 668   2      delay(50000);//4
 669   2      a1=0 ;
 670   2      a2=0 ;
 671   2      a3=1 ;
 672   2      a4=0 ;
 673   2      a5=0 ;
 674   2      a6=1 ;
 675   2      a7=1 ;
C51 COMPILER V9.01   1                                                                     11/21/2019 22:37:10 PAGE 12  

 676   2      
 677   2      delay(50000);//5
 678   2      a1=0 ;
 679   2      a2=0 ;
 680   2      a3=0 ;
 681   2      a4=1 ;
 682   2      a5=0 ;
 683   2      a6=0 ;
 684   2      a7=1 ;
 685   2      
 686   2      delay(50000);//6
 687   2      a1=0 ;
 688   2      a2=0 ;
 689   2      a3=0 ;
 690   2      a4=1 ;
 691   2      a5=0 ;
 692   2      a6=0 ;
 693   2      a7=0 ;
 694   2      
 695   2      delay(50000);//7
 696   2      a1=1 ;
 697   2      a2=1 ;
 698   2      a3=0 ;
 699   2      a4=0 ;
 700   2      a5=0 ;
 701   2      a6=1 ;
 702   2      a7=1 ;
 703   2      
 704   2      delay(50000);//8
 705   2      a1=0 ;
 706   2      a2=0 ;
 707   2      a3=0 ;
 708   2      a4=0 ;
 709   2      a5=0 ;
 710   2      a6=0 ;
 711   2      a7=0 ;
 712   2      
 713   2      delay(50000);//9
 714   2      a1=0 ;
 715   2      a2=0 ;
 716   2      a3=0 ;
 717   2      a4=0 ;
 718   2      a5=0 ;
 719   2      a6=1 ;
 720   2      a7=1 ;
 721   2                                   //80
 722   2                                                               delay(50000);
 723   2      b7=1;
 724   2      b0=0;
 725   2      delay(50000);//0
 726   2      a1=1 ;
 727   2      a2=0 ;
 728   2      a3=0 ;
 729   2      a4=0 ;
 730   2      a5=0 ;
 731   2      a6=0 ;
 732   2      a7=0 ;
 733   2      
 734   2      delay(50000);//1
 735   2      a1=1 ;
 736   2      a2=1 ;
 737   2      a3=1 ;
C51 COMPILER V9.01   1                                                                     11/21/2019 22:37:10 PAGE 13  

 738   2      a4=0 ;
 739   2      a5=0 ;
 740   2      a6=1 ;
 741   2      a7=1 ;
 742   2      
 743   2      delay(50000);//2
 744   2      a1=0 ;
 745   2      a2=2 ;
 746   2      a3=0 ;
 747   2      a4=0 ;
 748   2      a5=1 ;
 749   2      a6=0 ;
 750   2      a7=0 ;
 751   2      
 752   2      delay(50000);//3
 753   2      a1=0 ;
 754   2      a2=1 ;
 755   2      a3=0 ;
 756   2      a4=0 ;
 757   2      a5=0 ;
 758   2      a6=0 ;
 759   2      a7=1 ;
 760   2      
 761   2      delay(50000);//4
 762   2      a1=0 ;
 763   2      a2=0 ;
 764   2      a3=1 ;
 765   2      a4=0 ;
 766   2      a5=0 ;
 767   2      a6=1 ;
 768   2      a7=1 ;
 769   2      
 770   2      delay(50000);//5
 771   2      a1=0 ;
 772   2      a2=0 ;
 773   2      a3=0 ;
 774   2      a4=1 ;
 775   2      a5=0 ;
 776   2      a6=0 ;
 777   2      a7=1 ;
 778   2      
 779   2      delay(50000);//6
 780   2      a1=0 ;
 781   2      a2=0 ;
 782   2      a3=0 ;
 783   2      a4=1 ;
 784   2      a5=0 ;
 785   2      a6=0 ;
 786   2      a7=0 ;
 787   2      
 788   2      delay(50000);//7
 789   2      a1=1 ;
 790   2      a2=1 ;
 791   2      a3=0 ;
 792   2      a4=0 ;
 793   2      a5=0 ;
 794   2      a6=1 ;
 795   2      a7=1 ;
 796   2      
 797   2      delay(50000);//8
 798   2      a1=0 ;
 799   2      a2=0 ;
C51 COMPILER V9.01   1                                                                     11/21/2019 22:37:10 PAGE 14  

 800   2      a3=0 ;
 801   2      a4=0 ;
 802   2      a5=0 ;
 803   2      a6=0 ;
 804   2      a7=0 ;
 805   2      
 806   2      delay(50000);//9
 807   2      a1=0 ;
 808   2      a2=0 ;
 809   2      a3=0 ;
 810   2      a4=0 ;
 811   2      a5=0 ;
 812   2      a6=1 ;
 813   2      a7=1 ;
 814   2              }               
 815   1      }


MODULE INFORMATION:   STATIC OVERLAYABLE
   CODE SIZE        =    454    ----
   CONSTANT SIZE    =   ----    ----
   XDATA SIZE       =   ----    ----
   PDATA SIZE       =   ----    ----
   DATA SIZE        =   ----    ----
   IDATA SIZE       =   ----    ----
   BIT SIZE         =   ----    ----
END OF MODULE INFORMATION.


C51 COMPILATION COMPLETE.  0 WARNING(S),  0 ERROR(S)
