C51 COMPILER V9.01   KEY                                                                   04/28/2020 16:39:24 PAGE 1   


C51 COMPILER V9.01, COMPILATION OF MODULE KEY
OBJECT MODULE PLACED IN key.OBJ
COMPILER INVOKED BY: C:\软件\C51\BIN\C51.EXE key.c BROWSE DEBUG OBJECTEXTEND

line level    source

   1          #include "key.h"
   2          
   3          uchar KeyValue;
   4          
   5          u8 code smgduan2[17]={0x3f,0x06,0x5b,0x4f,0x66,0x6d,0x7d,0x07,
   6                                                  0x7f,0x6f,0x77,0x7c,0x39,0x5e,0x79,0x71};//显示0~F
   7          
   8          void delay(uint i)
   9          {
  10   1              while(i--);     
  11   1      }
  12          
  13          uchar KeyDown(void)
  14          {
  15   1              char a=0;
  16   1              GPIO_KEY=0x0f;
  17   1              if(GPIO_KEY!=0x0f)//读取按键是否按下
  18   1              {
  19   2                      delay(1000);//延时10ms进行消抖
  20   2                      if(GPIO_KEY!=0x0f)//再次检测键盘是否按下
  21   2                      {       
  22   3                              //测试列
  23   3                              GPIO_KEY=0X0F;
  24   3                              switch(GPIO_KEY)
  25   3                              {
  26   4                                      case(0X07):     KeyValue=0;break;
  27   4                                      case(0X0b):     KeyValue=1;break;
  28   4                                      case(0X0d): KeyValue=2;break;
  29   4                                      case(0X0e):     KeyValue=3;break;
  30   4                              }
  31   3                              //测试行
  32   3                              GPIO_KEY=0XF0;
  33   3                              switch(GPIO_KEY)
  34   3                              {
  35   4                                      case(0X70):     KeyValue=KeyValue;break;
  36   4                                      case(0Xb0):     KeyValue=KeyValue+4;break;
  37   4                                      case(0Xd0): KeyValue=KeyValue+8;break;
  38   4                                      case(0Xe0):     KeyValue=KeyValue+12;break;
  39   4                              }
  40   3                              while((a<50)&&(GPIO_KEY!=0xf0))  //检测按键松手检测
  41   3                              {
  42   4                                      delay(1000);
  43   4                                      a++;
  44   4                              }
  45   3                      }
  46   2              }
  47   1              return KeyValue;
  48   1      }
  49          
  50          
  51          
  52                                                  
  53          void key()
  54          {       
  55   1              LSA=0; //给一个数码管提供位选
C51 COMPILER V9.01   KEY                                                                   04/28/2020 16:39:24 PAGE 2   

  56   1              LSB=0;
  57   1              LSC=0;
  58   1      
  59   1              while(1)
  60   1              {
  61   2                      u8 k;
  62   2                      k=KeyDown();                       
  63   2                      GPIO_DIG=smgduan2[k];     
  64   2              }               
  65   1      }
  66          


MODULE INFORMATION:   STATIC OVERLAYABLE
   CODE SIZE        =    165    ----
   CONSTANT SIZE    =     17    ----
   XDATA SIZE       =   ----    ----
   PDATA SIZE       =   ----    ----
   DATA SIZE        =      1       2
   IDATA SIZE       =   ----    ----
   BIT SIZE         =   ----    ----
END OF MODULE INFORMATION.


C51 COMPILATION COMPLETE.  0 WARNING(S),  0 ERROR(S)
