C51 COMPILER V9.01   MAIN                                                                  04/28/2020 16:52:18 PAGE 1   


C51 COMPILER V9.01, COMPILATION OF MODULE MAIN
OBJECT MODULE PLACED IN main.OBJ
COMPILER INVOKED BY: C:\软件\C51\BIN\C51.EXE main.c BROWSE DEBUG OBJECTEXTEND

line level    source

   1          #include "reg52.h"                       //此文件中定义了单片机的一些特殊功能寄存器
   2          #include "ds1302.h"     
   3          #include "key.h"
   4          
   5          
   6          
   7          void main()
   8          {       
   9   1      
  10   1              Ds1302Init();      //第一次初始化后就可以注释该条语句，这样下次重启就不会再次初始化了
  11   1                                      key();  
  12   1              while(1)
  13   1              {
  14   2                      datapros();      //数据处理函数
  15   2                      DigDisplay();//数码管显示函数
  16   2      
  17   2              }               
  18   1      }
  19          
  20          
  21          
  22          
  23          
  24          


MODULE INFORMATION:   STATIC OVERLAYABLE
   CODE SIZE        =     14    ----
   CONSTANT SIZE    =   ----    ----
   XDATA SIZE       =   ----    ----
   PDATA SIZE       =   ----    ----
   DATA SIZE        =   ----    ----
   IDATA SIZE       =   ----    ----
   BIT SIZE         =   ----    ----
END OF MODULE INFORMATION.


C51 COMPILATION COMPLETE.  0 WARNING(S),  0 ERROR(S)
