C51 COMPILER V9.01   点_                                                                  05/25/2020 12:31:53 PAGE 1   


C51 COMPILER V9.01, COMPILATION OF MODULE 点_
OBJECT MODULE PLACED IN 点阵.OBJ
COMPILER INVOKED BY: C:\软件\C51\BIN\C51.EXE 点阵.c BROWSE DEBUG OBJECTEXTEND

line level    source

   1          #include "reg51.h"                       //此文件中定义了单片机的一些特殊功能寄存器
   2          #include"LED dot.h"
*** WARNING C323 IN LINE 1 OF LED dot.h: newline expected, extra characters found
   3          #include<intrins.h>
   4          
   5          sbit k1=P3^1;
   6          sbit k2=P3^0;
   7          sbit k3=P3^2;
   8          sbit k4=P3^3;
   9          
  10          void delay(int i)
  11          {
  12   1              while(i--);     
  13   1      }
  14          
  15          /*******************************************************************************
  16          * 函数名         : Hc595SendByte(u8 dat)
  17          * 函数功能                 : 向74HC595发送一个字节的数据
  18          * 输入           : 无
  19          * 输出           : 无
  20          *******************************************************************************/
  21          
  22          
  23          void main()
  24            {             while (1)  {
  25   2                                      if(k2==0)//心                                                    
  26   2      {       u8 i;
  27   3              while(1)
  28   3              {
  29   4                      P0=0x7f;
  30   4                      for(i=0;i<8;i++)
  31   4                      {
  32   5                              P0=ledwei[i];             //位选
  33   5                              Hc595SendByte(ledduan[i]);      //发送段选数据
*** WARNING C206 IN LINE 33 OF 点阵.C: 'Hc595SendByte': missing function-prototype
*** ERROR C267 IN LINE 33 OF 点阵.C: 'Hc595SendByte': requires ANSI-style prototype
  34   5                              delay(100);                //延时
  35   5                              Hc595SendByte(0x00);  //消隐
  36   5                      }       
  37   4              }               
  38   3      }
  39   2        
  40   2      
  41   2      
  42   2      
  43   2      
  44   2      
  45   2      
  46   2                              if(k1==0)       //oyzj                                           
  47   2      {    u8 i;
  48   3              while(1)
  49   3              {
  50   4                      P0=0x7f;
  51   4                      for(i=0;i<8;i++)
  52   4                      {
C51 COMPILER V9.01   点_                                                                  05/25/2020 12:31:53 PAGE 2   

  53   5                              P0=ledwei[i];             //位选
  54   5                              Hc595SendByte(ou[i]);   //发送段选数据
  55   5                              delay(100);                //延时
  56   5                              Hc595SendByte(0x00);  //消隐
  57   5                      }       
  58   4              }               
  59   3      }
  60   2       
  61   2      
  62   2      
  63   2      
  64   2      
  65   2      
  66   2              if(k3==0)                                                        
  67   2      {       u8 i;
  68   3              while(1)
  69   3              {
  70   4                      P0=0x7f;
  71   4                      for(i=0;i<8;i++)
  72   4                      {
  73   5                              P0=ledwei[i];             //位选
  74   5                              Hc595SendByte(xt[i]);   //发送段选数据
  75   5                              delay(100);                //延时
  76   5                              Hc595SendByte(0x00);  //消隐
  77   5                      }       
  78   4              }               
  79   3      
  80   3        }
  81   2      
  82   2      
  83   2      
  84   2      
  85   2      if(k4==0)                                                        
  86   2      {       u8 i;
  87   3              while(1)
  88   3              {
  89   4                      P0=0x7f;
  90   4                      for(i=0;i<8;i++)
  91   4                      {
  92   5                              P0=ledwei[i];             //位选
  93   5                              Hc595SendByte(xl[i]);   //发送段选数据
  94   5                              delay(100);                //延时
  95   5                              Hc595SendByte(0x00);  //消隐
  96   5                      }       
  97   4              }               
  98   3      }
  99   2      }
 100   1      }

C51 COMPILATION COMPLETE.  2 WARNING(S),  1 ERROR(S)
