C51 COMPILER V9.01   MAIN                                                                  01/04/2020 23:34:48 PAGE 1   


C51 COMPILER V9.01, COMPILATION OF MODULE MAIN
OBJECT MODULE PLACED IN main.OBJ
COMPILER INVOKED BY: C:\软件\C51\BIN\C51.EXE main.c BROWSE DEBUG OBJECTEXTEND

line level    source

   1          #include<reg52.h>
   2          typedef unsigned char uchar       ;
   3          typedef unsigned int  uint      ;
   4          sbit k1=P1^6;  //语音播放引脚定义 
   5          sbit k2=P1^7;  //语音播放引脚定义 
   6          sbit Led1=P1^4;
   7          sbit Led2=P1^5;
   8          
   9          sbit rest=P2^7; //语音芯片复位引脚定义
  10          sbit  dat=P2^6;  //语音芯片数据线引脚定义
  11          sbit busy=P2^5;  //语音芯片---引脚定义
  12          uchar a,b=1;
  13          void music(uchar i);
  14          void  delay(uint i);
  15          void main()
  16          {
  17   1              uchar i=1;
  18   1                  Led1=0;
  19   1                      Led2=1;
  20   1                  P0=0;
  21   1              
  22   1              delay(100);     
  23   1              while (1)
  24   1                      for(i=0;i<53;i++)
  25   1                      {
  26   2                              music(i); 
  27   2                              while (!busy);  
  28   2                              Led1=~Led1;
  29   2                              Led2=~Led2;     
  30   2                      }
  31   1      }
  32           
  33          
  34          void  delay(uint i)
  35          {
  36   1              while(i--);
  37   1      }
  38          
  39          void music(uchar i)
  40          {       
  41   1              dat=0;  
  42   1              rest=0;
  43   1              delay(50);
  44   1              rest=1;                                 
  45   1              delay(50);
  46   1              rest=0;
  47   1          delay(50);
  48   1              
  49   1              dat=0;
  50   1              delay(50);
  51   1              
  52   1              for(a=0;a<i;a++)
  53   1             {
  54   2                      dat=1;
  55   2                      delay(50);
C51 COMPILER V9.01   MAIN                                                                  01/04/2020 23:34:48 PAGE 2   

  56   2                      dat=0;
  57   2                      delay(50);   
  58   2                 }
  59   1      }
  60          
  61          //语音素材列表
  62          //地址  内容
  63          //1             无声音
  64          //2             0
  65          //3             1
  66          //4             2
  67          //5             3
  68          //6             4
  69          //7             5
  70          //8             6
  71          //9             7
  72          //10    8
  73          //11    9
  74          //12    十
  75          //13    百
  76          //14    点
  77          //15    分
  78          //16    秒
  79          //17    年
  80          //18    月
  81          //19    日
  82          //20    星期
  83          //21    度
  84          //22    百分之
  85          //23    现在北京时间是
  86          //24    现在温度是
  87          //25    现在湿度是
  88          //26    音乐（铁路广播前的提示音）
  89          //27    整
  90          //28    今天是
  91          //29    上午
  92          //30    下午
  93          //31    晚上
  94          //32    负
  95          //33    滴（铃音，提示音）
  96          //34    欢迎光临本店
  97          //35    欢迎使用本公司产品
  98          //36    欢迎再次光临
  99          //37    广西师范大学
 100          //38    电子工程学院
 101          //39    电子科学与技术
 102          //40    电子信息工程
 103          //41    通信工程
 104          //42    专业
 105          //43    学号
 106          //44    电子楼
 107          //45    室
 108          //46    大学生创新基地
 109          //47    请设置参数
 110          //48    请输入
 111          //49    价格
 112          //50    当前距离
 113          //51    重量
 114          //52    千克


MODULE INFORMATION:   STATIC OVERLAYABLE
C51 COMPILER V9.01   MAIN                                                                  01/04/2020 23:34:48 PAGE 3   

   CODE SIZE        =    104    ----
   CONSTANT SIZE    =   ----    ----
   XDATA SIZE       =   ----    ----
   PDATA SIZE       =   ----    ----
   DATA SIZE        =      2       1
   IDATA SIZE       =   ----    ----
   BIT SIZE         =   ----    ----
END OF MODULE INFORMATION.


C51 COMPILATION COMPLETE.  0 WARNING(S),  0 ERROR(S)
