C51 COMPILER V9.01   点_                                                                  12/02/2019 19:00:20 PAGE 1   


C51 COMPILER V9.01, COMPILATION OF MODULE 点_
OBJECT MODULE PLACED IN 点阵.OBJ
COMPILER INVOKED BY: C:\软件\C51\BIN\C51.EXE 点阵.c BROWSE DEBUG OBJECTEXTEND

line level    source

   1          #include "reg51.h"                       //此文件中定义了单片机的一些特殊功能寄存器
   2          #include<intrins.h>
   3          
   4          typedef unsigned int u16;         //对数据类型进行声明定义
   5          typedef unsigned char u8;
   6          
   7          sbit SRCLK=P3^6;
   8          sbit RCLK=P3^5;
   9          sbit SER=P3^4;
  10          sbit k1=P3^1;
  11          sbit k2=P3^0;
  12          sbit k3=P3^2;
  13          sbit k4=P3^3;
  14          u8 ledduan[]={0x30,0x48,0x44,0x22,0x22,0x44,0x48,0x30};            //D  列      
  15          u8 ou[]={0xea,0xae,0xea,0x00,0x82,0x61,0x8f,0x00};
  16          u8 xt[]={0xa0,0x40,0xa8,0x0e,0x88,0xe0,0x80,0x00};
  17          u8 xl[]={0x00,0x30,0x34,0x02,0x02,0x34,0x30,0x00}  ;
  18                                             
  19          u8 ledwei[]={0x7f,0xbf,0xdf,0xef,0xf7,0xfb,0xfd,0xfe};                     //P  横       (从底往上输入高电压)
  20          /*******************************************************************************
  21          * 函 数 名         : delay
  22          * 函数功能                 : 延时函数，i=1时，大约延时10us
  23          *******************************************************************************/
  24          void delay(u16 i)
  25          {
  26   1              while(i--);     
  27   1      }
  28          
  29          /*******************************************************************************
  30          * 函数名         : Hc595SendByte(u8 dat)
  31          * 函数功能                 : 向74HC595发送一个字节的数据
  32          * 输入           : 无
  33          * 输出           : 无
  34          *******************************************************************************/
  35          void Hc595SendByte(u8 dat)
  36          {                                                                                          
  37   1              u8 a;
  38   1              SRCLK=0;
  39   1              RCLK=0;
  40   1              for(a=0;a<8;a++)
  41   1              {
  42   2                      SER=dat>>7;
  43   2                      dat<<=1;
  44   2      
  45   2                      SRCLK=1;
  46   2                      _nop_();
  47   2                      _nop_();
  48   2                      SRCLK=0;        
  49   2              }
  50   1      
  51   1              RCLK=1;
  52   1              _nop_();                                           //延迟
  53   1              _nop_();
  54   1              RCLK=0;
  55   1      }
C51 COMPILER V9.01   点_                                                                  12/02/2019 19:00:20 PAGE 2   

  56          
  57          void main()
  58            {             while (1)  {
  59   2                                      if(k2==0)//心                                                    
  60   2      {       u8 i;
  61   3              while(1)
  62   3              {
  63   4                      P0=0x7f;
  64   4                      for(i=0;i<8;i++)
  65   4                      {
  66   5                              P0=ledwei[i];             //位选
  67   5                              Hc595SendByte(ledduan[i]);      //发送段选数据
  68   5                              delay(100);                //延时
  69   5                              Hc595SendByte(0x00);  //消隐
  70   5                      }       
  71   4              }               
  72   3      }
  73   2        
  74   2      
  75   2      
  76   2      
  77   2      
  78   2      
  79   2      
  80   2                              if(k1==0)       //oyzj                                           
  81   2      {    u8 i;
  82   3              while(1)
  83   3              {
  84   4                      P0=0x7f;
  85   4                      for(i=0;i<8;i++)
  86   4                      {
  87   5                              P0=ledwei[i];             //位选
  88   5                              Hc595SendByte(ou[i]);   //发送段选数据
  89   5                              delay(100);                //延时
  90   5                              Hc595SendByte(0x00);  //消隐
  91   5                      }       
  92   4              }               
  93   3      }
  94   2       
  95   2      
  96   2      
  97   2      
  98   2      
  99   2      
 100   2              if(k3==0)                                                        
 101   2      {       u8 i;
 102   3              while(1)
 103   3              {
 104   4                      P0=0x7f;
 105   4                      for(i=0;i<8;i++)
 106   4                      {
 107   5                              P0=ledwei[i];             //位选
 108   5                              Hc595SendByte(xt[i]);   //发送段选数据
 109   5                              delay(100);                //延时
 110   5                              Hc595SendByte(0x00);  //消隐
 111   5                      }       
 112   4              }               
 113   3      
 114   3        }
 115   2      
 116   2      
 117   2      
C51 COMPILER V9.01   点_                                                                  12/02/2019 19:00:20 PAGE 3   

 118   2      
 119   2      if(k4==0)                                                        
 120   2      {       u8 i;
 121   3              while(1)
 122   3              {
 123   4                      P0=0x7f;
 124   4                      for(i=0;i<8;i++)
 125   4                      {
 126   5                              P0=ledwei[i];             //位选
 127   5                              Hc595SendByte(xl[i]);   //发送段选数据
 128   5                              delay(100);                //延时
 129   5                              Hc595SendByte(0x00);  //消隐
 130   5                      }       
 131   4              }               
 132   3      }
 133   2      }
 134   1      }


MODULE INFORMATION:   STATIC OVERLAYABLE
   CODE SIZE        =    198    ----
   CONSTANT SIZE    =   ----    ----
   XDATA SIZE       =   ----    ----
   PDATA SIZE       =   ----    ----
   DATA SIZE        =     40       1
   IDATA SIZE       =   ----    ----
   BIT SIZE         =   ----    ----
END OF MODULE INFORMATION.


C51 COMPILATION COMPLETE.  0 WARNING(S),  0 ERROR(S)
