C51 COMPILER V9.01   0_9                                                                   12/30/2021 09:21:06 PAGE 1   


C51 COMPILER V9.01, COMPILATION OF MODULE 0_9
OBJECT MODULE PLACED IN 0-9.OBJ
COMPILER INVOKED BY: D:\Software\Keil\32\C51\BIN\C51.EXE 0-9.c OPTIMIZE(8,SPEED) BROWSE DEBUG OBJECTEXTEND TABS(2)

line level    source

   1          #include "reg52.h"      
   2          typedef unsigned int u16;  
   3          typedef unsigned char u8;
   4          sbit a1=P0^1;                           // ˝¬Îπ‹Œª÷√1234  a1 a2 a3 a4
   5          sbit a2=P0^2;                               //5678  a5 a6 a7 a0
   6          sbit a3=P0^3;
   7          sbit a4=P0^4;
   8          sbit a5=P0^5;
   9          sbit a6=P0^6;
  10          sbit a7=P0^7;
  11          sbit a0=P0^0;
  12          
  13          sbit led=P2^0;    
  14          
  15          void delay(int i)
  16          {
  17   1        while(i--); 
  18   1      }
  19          
  20          void main()
  21          {
  22   1            while(1)
  23   1        { delay(50000);//0
  24   2      a1=1 ;
  25   2      a2=0 ;
  26   2      a3=0 ;
  27   2      a4=0 ;
  28   2      a5=0 ;
  29   2      a6=0 ;
  30   2      a7=0 ;
  31   2      
  32   2      delay(50000);//1
  33   2      a1=1 ;
  34   2      a2=1 ;
  35   2      a3=1 ;
  36   2      a4=0 ;
  37   2      a5=0 ;
  38   2      a6=1 ;
  39   2      a7=1 ;
  40   2      
  41   2      delay(50000);//2
  42   2      a1=0 ;
  43   2      a2=2 ;
  44   2      a3=0 ;
  45   2      a4=0 ;
  46   2      a5=1 ;
  47   2      a6=0 ;
  48   2      a7=0 ;
  49   2      
  50   2      delay(50000);//3
  51   2      a1=0 ;
  52   2      a2=1 ;
  53   2      a3=0 ;
  54   2      a4=0 ;
  55   2      a5=0 ;
C51 COMPILER V9.01   0_9                                                                   12/30/2021 09:21:06 PAGE 2   

  56   2      a6=0 ;
  57   2      a7=1 ;
  58   2      
  59   2      delay(50000);//4
  60   2      a1=0 ;
  61   2      a2=0 ;
  62   2      a3=1 ;
  63   2      a4=0 ;
  64   2      a5=0 ;
  65   2      a6=1 ;
  66   2      a7=1 ;
  67   2      
  68   2      delay(50000);//5
  69   2      a1=0 ;
  70   2      a2=0 ;
  71   2      a3=0 ;
  72   2      a4=1 ;
  73   2      a5=0 ;
  74   2      a6=0 ;
  75   2      a7=1 ;
  76   2      
  77   2      delay(50000);//6
  78   2      a1=0 ;
  79   2      a2=0 ;
  80   2      a3=0 ;
  81   2      a4=1 ;
  82   2      a5=0 ;
  83   2      a6=0 ;
  84   2      a7=0 ;
  85   2      
  86   2      delay(50000);//7
  87   2      a1=1 ;
  88   2      a2=1 ;
  89   2      a3=0 ;
  90   2      a4=0 ;
  91   2      a5=0 ;
  92   2      a6=1 ;
  93   2      a7=1 ;
  94   2      
  95   2      delay(50000);//8
  96   2      a1=0 ;
  97   2      a2=0 ;
  98   2      a3=0 ;
  99   2      a4=0 ;
 100   2      a5=0 ;
 101   2      a6=0 ;
 102   2      a7=0 ;
 103   2      
 104   2      delay(50000);//9
 105   2      a1=0 ;
 106   2      a2=0 ;
 107   2      a3=0 ;
 108   2      a4=0 ;
 109   2      a5=0 ;
 110   2      a6=1 ;
 111   2      a7=1 ;
 112   2      
 113   2        }   
 114   1      }


MODULE INFORMATION:   STATIC OVERLAYABLE
C51 COMPILER V9.01   0_9                                                                   12/30/2021 09:21:06 PAGE 3   

   CODE SIZE        =    166    ----
   CONSTANT SIZE    =   ----    ----
   XDATA SIZE       =   ----    ----
   PDATA SIZE       =   ----    ----
   DATA SIZE        =   ----    ----
   IDATA SIZE       =   ----    ----
   BIT SIZE         =   ----    ----
END OF MODULE INFORMATION.


C51 COMPILATION COMPLETE.  0 WARNING(S),  0 ERROR(S)
