C51 COMPILER V9.01   1_0                                                                   10/12/2020 10:02:24 PAGE 1   


C51 COMPILER V9.01, COMPILATION OF MODULE 1_0
OBJECT MODULE PLACED IN 1.0.OBJ
COMPILER INVOKED BY: C:\Èí¼þ\1. KEILC51Èí¼þ\C51\BIN\C51.EXE 1.0.c BROWSE DEBUG OBJECTEXTEND

line level    source

   1          #include<reg52.h>
   2          int i;
   3          void delay(int a)
   4          {
   5   1      while(a--);
   6   1      }
   7          
   8          void main()
   9          {
  10   1      while(1)
  11   1              {
  12   2              for(i=0;i<=7;i++)
  13   2                      P2=(0x01<<i),delay(50000);
  14   2              for(i=0;i<=7;i++)
  15   2                      P2=(0x80>>i),delay(50000);
  16   2              }
  17   1      }


MODULE INFORMATION:   STATIC OVERLAYABLE
   CODE SIZE        =    101    ----
   CONSTANT SIZE    =   ----    ----
   XDATA SIZE       =   ----    ----
   PDATA SIZE       =   ----    ----
   DATA SIZE        =      2    ----
   IDATA SIZE       =   ----    ----
   BIT SIZE         =   ----    ----
END OF MODULE INFORMATION.


C51 COMPILATION COMPLETE.  0 WARNING(S),  0 ERROR(S)
