C51 COMPILER V9.01   DELAY                                                                 06/16/2020 21:38:56 PAGE 1   


C51 COMPILER V9.01, COMPILATION OF MODULE DELAY
OBJECT MODULE PLACED IN .\Objects\Delay.obj
COMPILER INVOKED BY: F:\K4\C51\BIN\C51.EXE Delay.c BROWSE DEBUG OBJECTEXTEND PRINT(.\Listings\Delay.lst) OBJECT(.\Object
                    -s\Delay.obj)

line level    source

   1           /***************************************************
   2          描述  ：以下延时均基于12M晶振下
   3          ****************************************************/
   4          #include "Delay.h"
   5          #include "intrins.h"
   6          
   7          /*延迟1秒*/
   8          void delay1s(void)
   9          { 
  10   1       unsigned char i=50000;
  11   1          while(--i);
  12   1             i=50000;             
  13   1        while(--i);
  14   1             i=50000;
  15   1         while(--i);
  16   1      }
  17          
  18          
  19          /*延迟20us*/
  20          void Delay_20_us(unsigned int time)
  21          {
  22   1              time = time - 1;
  23   1              while(time --)
  24   1              {
  25   2                      _nop_();
  26   2                  _nop_();
  27   2                      _nop_();
  28   2                      _nop_();
  29   2                      _nop_();
  30   2                      _nop_();
  31   2                      _nop_();
  32   2                      _nop_();
  33   2                      _nop_();
  34   2              
  35   2              }
  36   1      }
  37          
  38          
  39          //void Delay_ms(unsigned int i)
  40          //{
  41          //              while(i--)
  42          //              {
  43          //                      int t=50;
  44          //                      Delay_20_us(t--);
  45          //              }
  46          //}
  47          //void Delay500us()             //@11.0592MHz
  48          //{
  49          //      unsigned char i;
  50          //
  51          //      _nop_();
  52          //      i = 227;
  53          //      while (--i);
  54          //}
C51 COMPILER V9.01   DELAY                                                                 06/16/2020 21:38:56 PAGE 2   

  55          //void Delay600us()             //@11.0592MHz
  56          //{
  57          //      unsigned char i, j;
  58          //
  59          //      _nop_();
  60          //      i = 2;
  61          //      j = 15;
  62          //      do
  63          //      {
  64          //              while (--j);
  65          //      } while (--i);
  66          //}
  67          
  68          
  69          


MODULE INFORMATION:   STATIC OVERLAYABLE
   CODE SIZE        =     40    ----
   CONSTANT SIZE    =   ----    ----
   XDATA SIZE       =   ----    ----
   PDATA SIZE       =   ----    ----
   DATA SIZE        =   ----    ----
   IDATA SIZE       =   ----    ----
   BIT SIZE         =   ----    ----
END OF MODULE INFORMATION.


C51 COMPILATION COMPLETE.  0 WARNING(S),  0 ERROR(S)
