C51 COMPILER V9.01   10                                                                    01/16/2021 19:50:27 PAGE 1   


C51 COMPILER V9.01, COMPILATION OF MODULE 10
OBJECT MODULE PLACED IN 10.OBJ
COMPILER INVOKED BY: D:\Software\Keil\32\C51\BIN\C51.EXE 10.c OPTIMIZE(8,SPEED) BROWSE DEBUG OBJECTEXTEND TABS(2)

line level    source

   1          #include "reg52.h"      
   2          typedef unsigned int u16;  
   3          typedef unsigned char u8;
   4          sbit a1=P0^1;                            // ˝¬Îπ‹Œª÷√1234  a1 a2 a3 a4
   5          sbit a2=P0^2;                                    //5678  a7 a6 a5 a0                                
   6          sbit a3=P0^3;
   7          sbit a4=P0^4;
   8          sbit a5=P0^5;
   9          sbit a6=P0^6;
  10          sbit a7=P0^7;
  11          sbit a0=P0^0;
  12          
  13          sbit led=P2^0;    
  14          int b[18]={0x03,0xCF,0x25,0x85,0xC9,0x91,0x11,0xC7,0x01,0x81,0x41,0x19,0x33,0x0D,0x31,0x71,0xFD,0xFE};
  15          int j;
  16          void delay(u16 i)
  17          {
  18   1        while(i--); 
  19   1      }
  20          
  21          void main()
  22          {
  23   1      while (1)
  24   1        {
  25   2          for(j=0;j<19;j++)
  26   2          {
  27   3          P0=b[j];
  28   3          delay(50000);
  29   3          }
  30   2        }
  31   1      }


MODULE INFORMATION:   STATIC OVERLAYABLE
   CODE SIZE        =     55    ----
   CONSTANT SIZE    =   ----    ----
   XDATA SIZE       =   ----    ----
   PDATA SIZE       =   ----    ----
   DATA SIZE        =     38    ----
   IDATA SIZE       =   ----    ----
   BIT SIZE         =   ----    ----
END OF MODULE INFORMATION.


C51 COMPILATION COMPLETE.  0 WARNING(S),  0 ERROR(S)
