C51 COMPILER V9.01   LCD                                                                   01/07/2020 23:21:47 PAGE 1   


C51 COMPILER V9.01, COMPILATION OF MODULE LCD
OBJECT MODULE PLACED IN lcd.OBJ
COMPILER INVOKED BY: C:\软件\C51\BIN\C51.EXE lcd.c BROWSE DEBUG OBJECTEXTEND

line level    source

   1          #include "lcd.h"
   2          void Lcd1602_Delay1ms(uint c)   //误差 0us
   3          {
   4   1          uchar a,b;
   5   1              for (; c>0; c--)
   6   1              {
   7   2                       for (b=199;b>0;b--)
   8   2                       {
   9   3                              for(a=1;a>0;a--);
  10   3                       }      
  11   2              }
  12   1              
  13   1      }
  14          
  15          #ifndef         LCD1602_4PINS    //当没有定义这个LCD1602_4PINS时
  16          void LcdWriteCom(uchar com)       //写入命令
  17          {
  18   1              LCD1602_E = 0;     //使能
  19   1              LCD1602_RS = 0;    //选择发送命令
  20   1              LCD1602_RW = 0;    //选择写入
  21   1              
  22   1              LCD1602_DATAPINS = com;     //放入命令
  23   1              Lcd1602_Delay1ms(1);            //等待数据稳定
  24   1      
  25   1              LCD1602_E = 1;            //写入时序
  26   1              Lcd1602_Delay1ms(5);      //保持时间
  27   1              LCD1602_E = 0;
  28   1      }
  29          #else 
              void LcdWriteCom(uchar com)       //写入命令
              {
                      LCD1602_E = 0;   //使能清零
                      LCD1602_RS = 0;  //选择写入命令
                      LCD1602_RW = 0;  //选择写入
              
                      LCD1602_DATAPINS = com; //由于4位的接线是接到P0口的高四位，所以传送高四位不用改
                      Lcd1602_Delay1ms(1);
              
                      LCD1602_E = 1;   //写入时序
                      Lcd1602_Delay1ms(5);
                      LCD1602_E = 0;
              
                      LCD1602_DATAPINS = com << 4; //发送低四位
                      Lcd1602_Delay1ms(1);
              
                      LCD1602_E = 1;   //写入时序
                      Lcd1602_Delay1ms(5);
                      LCD1602_E = 0;
              }
              #endif
  51                             
  52          #ifndef         LCD1602_4PINS              
  53          void LcdWriteData(uchar dat)                    //写入数据
  54          {
  55   1              LCD1602_E = 0;  //使能清零
C51 COMPILER V9.01   LCD                                                                   01/07/2020 23:21:47 PAGE 2   

  56   1              LCD1602_RS = 1; //选择输入数据
  57   1              LCD1602_RW = 0; //选择写入
  58   1      
  59   1              LCD1602_DATAPINS = dat; //写入数据
  60   1              Lcd1602_Delay1ms(1);
  61   1      
  62   1              LCD1602_E = 1;   //写入时序
  63   1              Lcd1602_Delay1ms(5);   //保持时间
  64   1              LCD1602_E = 0;
  65   1      }
  66          #else
              void LcdWriteData(uchar dat)                    //写入数据
              {
                      LCD1602_E = 0;    //使能清零
                      LCD1602_RS = 1;   //选择写入数据
                      LCD1602_RW = 0;   //选择写入
              
                      LCD1602_DATAPINS = dat; //由于4位的接线是接到P0口的高四位，所以传送高四位不用改
                      Lcd1602_Delay1ms(1);
              
                      LCD1602_E = 1;    //写入时序
                      Lcd1602_Delay1ms(5);
                      LCD1602_E = 0;
              
                      LCD1602_DATAPINS = dat << 4; //写入低四位
                      Lcd1602_Delay1ms(1);
              
                      LCD1602_E = 1;    //写入时序
                      Lcd1602_Delay1ms(5);
                      LCD1602_E = 0;
              }
              #endif
  88                     
  89          #ifndef         LCD1602_4PINS
  90          void LcdInit()                                            //LCD初始化子程序
  91          {
  92   1              LcdWriteCom(0x38);  //开显示
  93   1              LcdWriteCom(0x0c);  //开显示不显示光标
  94   1              LcdWriteCom(0x06);  //写一个指针加1
  95   1              LcdWriteCom(0x01);  //清屏
  96   1              LcdWriteCom(0x80);  //设置数据指针起点
  97   1      }
  98          
  99          #else
              void LcdInit()                                            //LCD初始化子程序
              {
                      LcdWriteCom(0x32);       //将8位总线转为4位总线
                      LcdWriteCom(0x28);       //在四位线下的初始化
                      LcdWriteCom(0x0c);  //开显示不显示光标
                      LcdWriteCom(0x06);  //写一个指针加1
                      LcdWriteCom(0x01);  //清屏
                      LcdWriteCom(0x80);  //设置数据指针起点
              }
              #endif


MODULE INFORMATION:   STATIC OVERLAYABLE
   CODE SIZE        =     87    ----
   CONSTANT SIZE    =   ----    ----
   XDATA SIZE       =   ----    ----
   PDATA SIZE       =   ----    ----
   DATA SIZE        =   ----    ----
C51 COMPILER V9.01   LCD                                                                   01/07/2020 23:21:47 PAGE 3   

   IDATA SIZE       =   ----    ----
   BIT SIZE         =   ----    ----
END OF MODULE INFORMATION.


C51 COMPILATION COMPLETE.  0 WARNING(S),  0 ERROR(S)
