C51 COMPILER V9.01   MAIN                                                                  01/07/2020 23:25:32 PAGE 1   


C51 COMPILER V9.01, COMPILATION OF MODULE MAIN
OBJECT MODULE PLACED IN main.OBJ
COMPILER INVOKED BY: C:\软件\C51\BIN\C51.EXE main.c BROWSE DEBUG OBJECTEXTEND

line level    source

   1          #include "reg52.h"                       //此文件中定义了单片机的一些特殊功能寄存器
   2          #include "lcd.h"
   3          
   4          typedef unsigned int u16;         //对数据类型进行声明定义
   5          typedef unsigned char u8;
   6          
   7          u8 Disp[]="我爱电子，我爱师大";
   8          u8 aaa[]="欧阳泽军 201912700030" ;
   9          
  10          void main(void)
  11          {
  12   1      
  13   1         if(k2==0)
  14   1      {       u8 i;
  15   2              LcdInit();
  16   2              for(i=0;i<16;i++)
  17   2              {
  18   3                      LcdWriteData(Disp[i]);  
  19   3              }
  20   2              while(1);       
  21   2      }       
  22   1              
  23   1              
  24   1              if(k1==0)       
  25   1      {
  26   2                      u8 i;
  27   2              LcdInit();
  28   2              for(i=0;i<16;i++)
  29   2                      {
  30   3                      LcdWriteData(aaa[i]);   
  31   3                      }
  32   2              while(1);
  33   2      }
  34   1                      
  35   1      }


MODULE INFORMATION:   STATIC OVERLAYABLE
   CODE SIZE        =     61    ----
   CONSTANT SIZE    =   ----    ----
   XDATA SIZE       =   ----    ----
   PDATA SIZE       =   ----    ----
   DATA SIZE        =     41       1
   IDATA SIZE       =   ----    ----
   BIT SIZE         =   ----    ----
END OF MODULE INFORMATION.


C51 COMPILATION COMPLETE.  0 WARNING(S),  0 ERROR(S)
