C51 COMPILER V9.01   MAIN                                                                  03/22/2021 22:48:56 PAGE 1   


C51 COMPILER V9.01, COMPILATION OF MODULE MAIN
OBJECT MODULE PLACED IN main.OBJ
COMPILER INVOKED BY: D:\Software\Keil\32\C51\BIN\C51.EXE main.c OPTIMIZE(8,SPEED) BROWSE DEBUG OBJECTEXTEND PRINT(.\List
                    -ings\main.lst) TABS(2)

line level    source

   1          #include <reg52.H>
   2          #include<interrupt.h>
   3          
   4          sbit a=P2^0;
   5          
   6          void delay(unsigned int i);
   7          void LED();
   8          
   9          void main()
  10          {
  11   1        int0();
  12   1        int1();
  13   1        P2=10001111;
  14   1      //  a=1;
  15   1      
  16   1        while(1)
  17   1        {
  18   2            P0=0x80;
  19   2        }
  20   1      }
  21          


MODULE INFORMATION:   STATIC OVERLAYABLE
   CODE SIZE        =     14    ----
   CONSTANT SIZE    =   ----    ----
   XDATA SIZE       =   ----    ----
   PDATA SIZE       =   ----    ----
   DATA SIZE        =   ----    ----
   IDATA SIZE       =   ----    ----
   BIT SIZE         =   ----    ----
END OF MODULE INFORMATION.


C51 COMPILATION COMPLETE.  0 WARNING(S),  0 ERROR(S)
