C51 COMPILER V9.01   LED                                                                   10/14/2021 16:50:56 PAGE 1   


C51 COMPILER V9.01, COMPILATION OF MODULE LED
OBJECT MODULE PLACED IN led.OBJ
COMPILER INVOKED BY: D:\Software\Keil\32\C51\BIN\C51.EXE led.c OPTIMIZE(8,SPEED) BROWSE DEBUG OBJECTEXTEND PRINT(.\Listi
                    -ngs\led.lst) TABS(2)

line level    source

   1          #include <STC15F2K60S2.H>
   2          #include<led.h>
   3          #include<stdlib.h>
   4          
   5          void Clockwise()
   6          {
   7   1        unsigned int i;
   8   1        for(i=0;i<=16;i++)
   9   1        {
  10   2          P2=(0000100011111111>>i);
  11   2          if(i>=8)
  12   2          {
  13   3              P3=(0000100011111111>>(i-8));
  14   3          }
  15   2          delay(1000);
  16   2        }
  17   1        
  18   1          for(i=0;i<=8;i++)
  19   1        {
  20   2          P3=(00001000>>i);
  21   2          P1=(0000100011111111>>i);
  22   2          delay(1000);
  23   2        } 
  24   1        
  25   1          for(i=0;i<=8;i++)
  26   1        {
  27   2          P1=P1>>i; 
  28   2          P0=(11111111)<<(00001000);
  29   2          delay(1000);
  30   2        }
  31   1        
  32   1          for(i=0;i<=8;i++)
  33   1        {
  34   2          P0=P0<<i;
  35   2          delay(1000);
  36   2        }
  37   1      }
  38          
  39          //void anti_clockwise()
  40          //{
  41          //  unsigned int i;
  42          //  for(i=0;i<=8;i++)
  43          //  {
  44          //    P0=(1100000000>>i);
  45          //    delay(1000);
  46          //  }
  47          //}
  48          
  49          //void twinkle()
  50          //{
  51          //  unsigned int i=3;
  52          //  while(i--)
  53          //  {
  54          //  P0=0x00;P1=0x00;P2=0x00;P3=0x00;    //¿ª
C51 COMPILER V9.01   LED                                                                   10/14/2021 16:50:56 PAGE 2   

  55          //  delay(1000);
  56          //  P0=0xff;P1=0xff;P2=0xff;P3=0xff;    //Ï¨
  57          //  delay(10000);delay(10000);delay(10000);
  58          //  
  59          //  P0=0x00;P1=0x00;P2=0x00;P3=0x00;    //¿ª
  60          //  delay(1000);
  61          //  P0=0xff;P1=0xff;P2=0xff;P3=0xff;    //Ï¨
  62          //  delay(1000);
  63          //  P0=0x00;P1=0x00;P2=0x00;P3=0x00;    //¿ª
  64          //  delay(1000);
  65          //  P0=0xff;P1=0xff;P2=0xff;P3=0xff;    //Ï¨
  66          //  delay(1000);
  67          //  }
  68          //}
  69          
  70          //void random()
  71          //{
  72          //  unsigned int i=10,num;
  73          //  while(i--)
  74          //  {
  75          //    num=rand()%257;
  76          //    P0=num;P1=num+11;P2=num+21;P3=num+31;
  77          //    delay(11000);
  78          //  }
  79          //}
  80          
  81          //void flash()
  82          //{
  83          //  while(1)
  84          //  {
  85          //    P0=0x00;P1=0x00;P2=0x00;P3=0x00;
  86          //  }
  87          //}
  88          
  89          void delay(unsigned int i)
  90          {
  91   1        while(i--);
  92   1      }


MODULE INFORMATION:   STATIC OVERLAYABLE
   CODE SIZE        =    230    ----
   CONSTANT SIZE    =   ----    ----
   XDATA SIZE       =   ----    ----
   PDATA SIZE       =   ----    ----
   DATA SIZE        =   ----       2
   IDATA SIZE       =   ----    ----
   BIT SIZE         =   ----    ----
END OF MODULE INFORMATION.


C51 COMPILATION COMPLETE.  0 WARNING(S),  0 ERROR(S)
