C51 COMPILER V9.01   MAIN                                                                  11/19/2021 21:50:39 PAGE 1   


C51 COMPILER V9.01, COMPILATION OF MODULE MAIN
OBJECT MODULE PLACED IN main.OBJ
COMPILER INVOKED BY: D:\Software\Keil\32\C51\BIN\C51.EXE main.c OPTIMIZE(8,SPEED) BROWSE DEBUG OBJECTEXTEND PRINT(.\List
                    -ings\main.lst) TABS(2)

line level    source

   1          #include <REGX52.H>
   2          
   3          void Delay1ms() ;
   4          
   5          void main()
   6          {
   7   1        while(1)
   8   1        {
   9   2          P0=0x78;
  10   2          P1=0x00;
  11   2          P2=0x00;
  12   2          P3=0x00;
  13   2          Delay1ms();
  14   2          P0=0xff;
  15   2          P1=0xff;
  16   2          P2=0xff;
  17   2          P3=0xff;
  18   2          Delay1ms();
  19   2        }
  20   1      }
  21          
  22          void Delay1ms()   //@11.0592MHz
  23          {
  24   1        unsigned char i, j;
  25   1      
  26   1        i = 15;
  27   1        j = 90;
  28   1        do
  29   1        {
  30   2          while (--j);
  31   2        } while (--i);
  32   1      }
  33          


MODULE INFORMATION:   STATIC OVERLAYABLE
   CODE SIZE        =     39    ----
   CONSTANT SIZE    =   ----    ----
   XDATA SIZE       =   ----    ----
   PDATA SIZE       =   ----    ----
   DATA SIZE        =   ----    ----
   IDATA SIZE       =   ----    ----
   BIT SIZE         =   ----    ----
END OF MODULE INFORMATION.


C51 COMPILATION COMPLETE.  0 WARNING(S),  0 ERROR(S)
