C51 COMPILER V9.01   MAIN                                                                  01/18/2021 12:56:57 PAGE 1   


C51 COMPILER V9.01, COMPILATION OF MODULE MAIN
OBJECT MODULE PLACED IN main.OBJ
COMPILER INVOKED BY: D:\Software\Keil\32\C51\BIN\C51.EXE main.c OPTIMIZE(8,SPEED) BROWSE DEBUG OBJECTEXTEND TABS(2)

line level    source

   1          #include "reg52.h"       //此文件中定义了单片机的一些特殊功能寄存器
   2          
   3          typedef unsigned int u16;   //对数据类型进行声明定义
   4          typedef unsigned char u8;
   5          
   6          int i;
   7          
   8          void delay(u16 i)
   9          {
  10   1        while(i--); 
  11   1      }
  12          
  13          
  14          void main(void)
  15          {
  16   1        P2=0x80;     //令 P2^7为一，使74HC573芯片可用
  17   1        while(1)
  18   1        {
  19   2      for(i=0;i<7;i++)
  20   2        {
  21   3        P0=(0xfe<<i);
  22   3            delay(50000);
  23   3          delay(50000);
  24   3          delay(50000);
  25   3        }
  26   2      delay(50000);
  27   2        for(i=0;i<7;i++)
  28   2        {
  29   3        P0=(0xbf>>i);
  30   3            delay(50000);
  31   3          delay(50000);
  32   3          delay(50000);
  33   3        }
  34   2        delay(50000);
  35   2      }
  36   1      }


MODULE INFORMATION:   STATIC OVERLAYABLE
   CODE SIZE        =    123    ----
   CONSTANT SIZE    =   ----    ----
   XDATA SIZE       =   ----    ----
   PDATA SIZE       =   ----    ----
   DATA SIZE        =      2    ----
   IDATA SIZE       =   ----    ----
   BIT SIZE         =   ----    ----
END OF MODULE INFORMATION.


C51 COMPILATION COMPLETE.  0 WARNING(S),  0 ERROR(S)
