C51 COMPILER V9.01   1                                                                     01/16/2021 19:49:32 PAGE 1   


C51 COMPILER V9.01, COMPILATION OF MODULE 1
OBJECT MODULE PLACED IN 1.OBJ
COMPILER INVOKED BY: D:\Software\Keil\32\C51\BIN\C51.EXE 1.c OPTIMIZE(8,SPEED) BROWSE DEBUG OBJECTEXTEND TABS(2)

line level    source

   1          #include "reg52.h"       //此文件中定义了单片机的一些特殊功能寄存器
   2          #include"Digital tube.h"
*** WARNING C323 IN LINE 1 OF Digital tube.h: newline expected, extra characters found
*** WARNING C312 IN LINE 12 OF Digital tube.h: misplaced endif control
   3          
   4          void main()
   5          { 
   6   1        while(1)
   7   1        { 
   8   2          DigDisplay();  //数码管显示函数 
*** WARNING C206 IN LINE 8 OF 1.C: 'DigDisplay': missing function-prototype
   9   2        }   
  10   1      }


MODULE INFORMATION:   STATIC OVERLAYABLE
   CODE SIZE        =      5    ----
   CONSTANT SIZE    =   ----    ----
   XDATA SIZE       =   ----    ----
   PDATA SIZE       =   ----    ----
   DATA SIZE        =   ----    ----
   IDATA SIZE       =   ----    ----
   BIT SIZE         =   ----    ----
END OF MODULE INFORMATION.


C51 COMPILATION COMPLETE.  3 WARNING(S),  0 ERROR(S)
