C51 COMPILER V9.01   DIGITAL_TUBE                                                          07/27/2020 09:45:30 PAGE 1   


C51 COMPILER V9.01, COMPILATION OF MODULE DIGITAL_TUBE
OBJECT MODULE PLACED IN Digital tube.OBJ
COMPILER INVOKED BY: C:\软件\C51\BIN\C51.EXE Digital tube.c BROWSE DEBUG OBJECTEXTEND

line level    source

   1          #include"Digital tube.h"
*** WARNING C323 IN LINE 1 OF Digital tube.h: newline expected, extra characters found
*** WARNING C312 IN LINE 12 OF Digital tube.h: misplaced endif control
   2          
   3           u8 code smgduan[17]={0x3f,0x06,0x5b,0x4f,0x66,0x6d,0x7d,0x07,
   4                                                  0x7f,0x6f,0x77,0x7c,0x39,0x5e,0x79,0x71};//显示0~F的值
   5          
   6          void DigDisplay()
   7          {
   8   1              unsigned char i;
   9   1              unsigned int j;
  10   1              for(i=0;i<8;i++)
  11   1              {
  12   2                      switch(i)        //位选，选择点亮的数码管，
  13   2                      {
  14   3                              case(0):
  15   3                                      LSA=1;LSB=1;LSC=1; break;//显示第7位
  16   3                              case(1):
  17   3                                      LSA=0;LSB=1;LSC=1; break;//显示第6位
  18   3                              case(2):
  19   3                                      LSA=1;LSB=0;LSC=1; break;//显示第5位
  20   3                              case(3):
  21   3                                      LSA=0;LSB=0;LSC=1; break;//显示第4位
  22   3                              case(4):
  23   3                                      LSA=1;LSB=1;LSC=0; break;//显示第3位 
  24   3                              case(5):
  25   3                                      LSA=0;LSB=1;LSC=0; break;//显示第2位 
  26   3                              case(6):
  27   3                                      LSA=1;LSB=0;LSC=0; break;//显示第1位 
  28   3                              case(7):
  29   3                                      LSA=0;LSB=0;LSC=0; break;//显示第0位    
  30   3                      }
  31   2                      P0=smgduan[i];//发送段码
  32   2                      j=10;                                            //扫描间隔时间设定
  33   2                      while(j--);     
  34   2              P0=0x00;//消隐
  35   2              }
  36   1      }


MODULE INFORMATION:   STATIC OVERLAYABLE
   CODE SIZE        =    116    ----
   CONSTANT SIZE    =     17    ----
   XDATA SIZE       =   ----    ----
   PDATA SIZE       =   ----    ----
   DATA SIZE        =   ----    ----
   IDATA SIZE       =   ----    ----
   BIT SIZE         =   ----    ----
END OF MODULE INFORMATION.


C51 COMPILATION COMPLETE.  2 WARNING(S),  0 ERROR(S)
