C51 COMPILER V9.01   MAIN                                                                  04/08/2021 17:31:33 PAGE 1   


C51 COMPILER V9.01, COMPILATION OF MODULE MAIN
OBJECT MODULE PLACED IN main.OBJ
COMPILER INVOKED BY: D:\Software\Keil\32\C51\BIN\C51.EXE main.c OPTIMIZE(8,SPEED) BROWSE DEBUG OBJECTEXTEND PRINT(.\List
                    -ings\main.lst) TABS(2)

line level    source

   1          #include "reg52.h"       //此文件中定义了单片机的一些特殊功能寄存器
   2          #include "intrins.h"
   3          #include<stdlib.h>
   4          
   5          typedef unsigned int u16;   //对数据类型进行声明定义
   6          typedef unsigned char u8;
   7          
   8          u8 code smgduan[19]={ 0xC0, 0xF9, 0xA4, 0xB0, 0x99, 0x92, 0x82, 0xF8, 0x80, 0x90, 0x88, 
   9          0x83, 0xC6, 0xA1, 0x86, 0x8E, 0xBF, 0x7F };
  10          //0、1、2、3、4、5、6、7、8、9、A、b、C、d、E、F、H的显示码
  11          
  12          void delay(u16 i)
  13          {
  14   1        while(i--); 
  15   1      }
  16          
  17          void Delay500us()   //@12.000MHz
  18          {
  19   1        unsigned char i, j;
  20   1      
  21   1        i = 6;
  22   1        j = 211;
  23   1        do
  24   1        {
  25   2          while (--j);
  26   2        } while (--i);
  27   1      }
  28          
  29          
  30          
  31          //void test(u16 a,u16 b)
  32          //{
  33          ////  P2=0xc0;
  34          //  P2=0xe0;
  35          //  P0=smgduan[b];
  36          //}
  37          
  38          //void Display()
  39          //{
  40          //  u16 i,j,z;
  41          ////  for(i=0;i<=8;i++)
  42          ////  {
  43          ////      for(j=0;j<=8;j++)
  44          ////      {
  45          ////        test(i,j);
  46          ////        delay(6000);
  47          ////      }
  48          ////  }
  49          //  for(z=0;z<16;z++)
  50          //  {
  51          //    P2=0xc0;
  52          //    P0= 0xff;
  53          //    P2=0xe0;
  54          //    P0= smgduan [z];
C51 COMPILER V9.01   MAIN                                                                  04/08/2021 17:31:33 PAGE 2   

  55          //    delay (60000);
  56          //    delay(60000);
  57          //        delay(60000);
  58          //        delay(60000);
  59          //  }
  60          //}
  61          void Display()
  62          {
  63   1        u16 i;
  64   1        for(i=0;i<=7;i++)
  65   1        {
  66   2          P2=0xc0;
  67   2          switch(i)
  68   2          {
  69   3            case 0:P0=0x01;break;
  70   3            case 1:P0=0x02;break;
  71   3            case 2:P0=0x04;break;
  72   3            case 3:P0=0x08;break;
  73   3            case 4:P0=0x10;break;
  74   3            case 5:P0=0x20;break;
  75   3            case 6:P0=0x40;break;
  76   3            case 7:P0=0x80;break;
  77   3          }
  78   2          P2=0xe0;
  79   2          P0= smgduan[i];
  80   2          Delay500us(); 
  81   2          P0=0x00;  
  82   2        }
  83   1      }
  84          
  85          void main()
  86          { 
  87   1        while(1)
  88   1        { 
  89   2          Display();
  90   2      
  91   2        }   
  92   1      }
  93          
  94          
  95          


MODULE INFORMATION:   STATIC OVERLAYABLE
   CODE SIZE        =    137    ----
   CONSTANT SIZE    =     19    ----
   XDATA SIZE       =   ----    ----
   PDATA SIZE       =   ----    ----
   DATA SIZE        =   ----    ----
   IDATA SIZE       =   ----    ----
   BIT SIZE         =   ----    ----
END OF MODULE INFORMATION.


C51 COMPILATION COMPLETE.  0 WARNING(S),  0 ERROR(S)
